!SESSION 2015-03-09 14:04:58.152 -----------------------------------------------
eclipse.buildId=unknown
java.version=1.7.0_75
java.vendor=Oracle Corporation
BootLoader constants: OS=linux, ARCH=x86_64, WS=gtk, NL=fr_FR
Command-line arguments:  -console

!ENTRY org.eclipse.equinox.ds 4 0 2015-03-09 14:05:00.863
!MESSAGE Could not bind a reference of component org.openhab.core.itemregistry. The reference is: Reference[name = ItemProvider, interface = org.openhab.core.items.ItemProvider, policy = dynamic, cardinality = 0..n, target = null, bind = addItemProvider, unbind = removeItemProvider]

!ENTRY org.eclipse.equinox.ds 4 0 2015-03-09 14:05:00.863
!MESSAGE Could not bind a reference of component org.openhab.core.itemregistry. The reference is: Reference[name = ItemProvider, interface = org.openhab.core.items.ItemProvider, policy = dynamic, cardinality = 0..n, target = null, bind = addItemProvider, unbind = removeItemProvider]

!ENTRY org.eclipse.equinox.ds 4 0 2015-03-09 14:05:00.886
!MESSAGE Could not bind a reference of component org.openhab.core.persistence.extensions. The reference is: Reference[name = PersistenceService, interface = org.openhab.core.persistence.PersistenceService, policy = dynamic, cardinality = 0..n, target = null, bind = addPersistenceService, unbind = removePersistenceService]

!ENTRY org.eclipse.equinox.ds 4 0 2015-03-09 14:05:00.886
!MESSAGE Could not bind a reference of component org.openhab.core.persistence.extensions. The reference is: Reference[name = PersistenceService, interface = org.openhab.core.persistence.PersistenceService, policy = dynamic, cardinality = 0..n, target = null, bind = addPersistenceService, unbind = removePersistenceService]

!ENTRY org.eclipse.equinox.ds 4 0 2015-03-09 14:05:01.463
!MESSAGE Could not bind a reference of component org.openhab.core.persistence.manager. The reference is: Reference[name = PersistenceService, interface = org.openhab.core.persistence.PersistenceService, policy = dynamic, cardinality = 0..n, target = null, bind = addPersistenceService, unbind = removePersistenceService]

!ENTRY org.eclipse.equinox.ds 4 0 2015-03-09 14:05:01.463
!MESSAGE Could not bind a reference of component org.openhab.core.persistence.manager. The reference is: Reference[name = PersistenceService, interface = org.openhab.core.persistence.PersistenceService, policy = dynamic, cardinality = 0..n, target = null, bind = addPersistenceService, unbind = removePersistenceService]

!ENTRY org.eclipse.equinox.ds 4 0 2015-03-09 14:05:12.835
!MESSAGE Could not bind a reference of component org.openhab.ui.chart. The reference is: Reference[name = ChartProvider, interface = org.openhab.ui.chart.ChartProvider, policy = dynamic, cardinality = 0..n, target = null, bind = addChartProvider, unbind = removeChartProvider]

!ENTRY org.eclipse.equinox.ds 4 0 2015-03-09 14:05:12.836
!MESSAGE Could not bind a reference of component org.openhab.ui.chart. The reference is: Reference[name = ChartProvider, interface = org.openhab.ui.chart.ChartProvider, policy = dynamic, cardinality = 0..n, target = null, bind = addChartProvider, unbind = removeChartProvider]

!ENTRY org.eclipse.equinox.ds 4 0 2015-03-09 14:05:12.843
!MESSAGE Could not bind a reference of component org.openhab.ui.chart.defaultprovider. The reference is: Reference[name = PersistenceService, interface = org.openhab.core.persistence.PersistenceService, policy = dynamic, cardinality = 0..n, target = null, bind = addPersistenceService, unbind = removePersistenceService]

!ENTRY org.eclipse.equinox.ds 4 0 2015-03-09 14:05:12.843
!MESSAGE Could not bind a reference of component org.openhab.ui.chart.defaultprovider. The reference is: Reference[name = PersistenceService, interface = org.openhab.core.persistence.PersistenceService, policy = dynamic, cardinality = 0..n, target = null, bind = addPersistenceService, unbind = removePersistenceService]

!ENTRY org.eclipse.equinox.ds 4 0 2015-03-09 14:05:12.874
!MESSAGE Could not bind a reference of component org.openhab.ui.webapp.pagerenderer. The reference is: Reference[name = WidgetRenderer, interface = org.openhab.ui.webapp.render.WidgetRenderer, policy = dynamic, cardinality = 0..n, target = null, bind = addWidgetRenderer, unbind = removeWidgetRenderer]

!ENTRY org.eclipse.equinox.ds 4 0 2015-03-09 14:05:12.874
!MESSAGE Could not bind a reference of component org.openhab.ui.webapp.pagerenderer. The reference is: Reference[name = WidgetRenderer, interface = org.openhab.ui.webapp.render.WidgetRenderer, policy = dynamic, cardinality = 0..n, target = null, bind = addWidgetRenderer, unbind = removeWidgetRenderer]
