2015-04-06 17:38:52 - Weather_Humidity state updated to 43
2015-04-06 17:38:52 - Weather_Temperature state updated to 9
2015-04-06 17:39:52 - Weather_Humidity state updated to 43
2015-04-06 17:39:52 - Weather_Temperature state updated to 9
2015-04-06 17:40:53 - Weather_Humidity state updated to 43
2015-04-06 17:40:54 - Weather_Temperature state updated to 9
2015-04-06 17:41:54 - Weather_Humidity state updated to 43
2015-04-06 17:41:54 - Weather_Temperature state updated to 9
2015-04-06 17:42:55 - Weather_Humidity state updated to 43
2015-04-06 17:42:55 - Weather_Temperature state updated to 9
2015-04-06 17:43:55 - Weather_Humidity state updated to 43
2015-04-06 17:43:55 - Weather_Temperature state updated to 9
2015-04-06 17:44:56 - Weather_Humidity state updated to 43
2015-04-06 17:44:56 - Weather_Temperature state updated to 9
2015-04-06 17:45:56 - Weather_Humidity state updated to 43
2015-04-06 17:45:56 - Weather_Temperature state updated to 9
2015-04-06 17:46:56 - Weather_Humidity state updated to 43
2015-04-06 17:46:57 - Weather_Temperature state updated to 9
2015-04-06 17:47:40 - Date state updated to 2015-04-06T17:47:40
2015-04-06 17:47:57 - Weather_Humidity state updated to 43
2015-04-06 17:47:57 - Weather_Temperature state updated to 9
2015-04-06 17:48:57 - Weather_Humidity state updated to 43
2015-04-06 17:48:57 - Weather_Temperature state updated to 9
2015-04-06 17:49:58 - Weather_Humidity state updated to 43
2015-04-06 17:49:58 - Weather_Temperature state updated to 9
2015-04-06 17:50:58 - Weather_Humidity state updated to 43
2015-04-06 17:50:58 - Weather_Temperature state updated to 9
2015-04-06 17:51:58 - Weather_Humidity state updated to 43
2015-04-06 17:51:58 - Weather_Temperature state updated to 9
2015-04-06 17:52:59 - Weather_Humidity state updated to 43
2015-04-06 17:52:59 - Weather_Temperature state updated to 9
2015-04-06 17:54:00 - Weather_Humidity state updated to 43
2015-04-06 17:54:00 - Weather_Temperature state updated to 9
2015-04-06 17:55:00 - Weather_Humidity state updated to 43
2015-04-06 17:55:01 - Weather_Temperature state updated to 9
2015-04-06 17:56:01 - Weather_Humidity state updated to 43
2015-04-06 17:56:01 - Weather_Temperature state updated to 9
2015-04-06 17:57:01 - Weather_Humidity state updated to 43
2015-04-06 17:57:01 - Weather_Temperature state updated to 9
2015-04-06 17:58:02 - Weather_Humidity state updated to 43
2015-04-06 17:58:02 - Weather_Temperature state updated to 9
2015-04-06 17:59:02 - Weather_Humidity state updated to 43
2015-04-06 17:59:02 - Weather_Temperature state updated to 9
2015-04-06 18:00:02 - Weather_Humidity state updated to 43
2015-04-06 18:00:03 - Weather_Temperature state updated to 9
2015-04-06 18:01:03 - Weather_Humidity state updated to 43
2015-04-06 18:01:03 - Weather_Temperature state updated to 9
2015-04-06 18:02:04 - Weather_Humidity state updated to 46
2015-04-06 18:02:04 - Weather_Temperature state updated to 9
2015-04-06 18:02:40 - Date state updated to 2015-04-06T18:02:40
2015-04-06 18:03:05 - Weather_Humidity state updated to 43
2015-04-06 18:03:05 - Weather_Temperature state updated to 9
2015-04-06 18:04:05 - Weather_Humidity state updated to 46
2015-04-06 18:04:05 - Weather_Temperature state updated to 8
2015-04-06 18:05:05 - Weather_Humidity state updated to 43
2015-04-06 18:05:06 - Weather_Temperature state updated to 9
2015-04-06 18:06:06 - Weather_Humidity state updated to 46
2015-04-06 18:06:06 - Weather_Temperature state updated to 9
2015-04-06 18:07:06 - Weather_Humidity state updated to 46
2015-04-06 18:07:06 - Weather_Temperature state updated to 8
2015-04-06 18:08:06 - Weather_Humidity state updated to 43
2015-04-06 18:08:07 - Weather_Temperature state updated to 9
2015-04-06 18:09:07 - Weather_Humidity state updated to 46
2015-04-06 18:09:07 - Weather_Temperature state updated to 8
2015-04-06 18:10:08 - Weather_Humidity state updated to 46
2015-04-06 18:10:08 - Weather_Temperature state updated to 8
2015-04-06 18:11:08 - Weather_Humidity state updated to 46
2015-04-06 18:11:08 - Weather_Temperature state updated to 8
2015-04-06 18:12:08 - Weather_Humidity state updated to 46
2015-04-06 18:12:09 - Weather_Temperature state updated to 8
2015-04-06 18:13:09 - Weather_Humidity state updated to 46
2015-04-06 18:13:09 - Weather_Temperature state updated to 8
2015-04-06 18:14:09 - Weather_Humidity state updated to 46
2015-04-06 18:14:10 - Weather_Temperature state updated to 8
2015-04-06 18:15:10 - Weather_Humidity state updated to 46
2015-04-06 18:15:10 - Weather_Temperature state updated to 8
2015-04-06 18:16:10 - Weather_Humidity state updated to 46
2015-04-06 18:16:10 - Weather_Temperature state updated to 8
2015-04-06 18:17:10 - Weather_Humidity state updated to 46
2015-04-06 18:17:11 - Weather_Temperature state updated to 8
2015-04-06 18:17:40 - Date state updated to 2015-04-06T18:17:40
2015-04-06 18:18:11 - Weather_Humidity state updated to 46
2015-04-06 18:18:11 - Weather_Temperature state updated to 8
2015-04-06 18:19:11 - Weather_Humidity state updated to 46
2015-04-06 18:19:11 - Weather_Temperature state updated to 8
2015-04-06 18:20:12 - Weather_Humidity state updated to 46
2015-04-06 18:20:12 - Weather_Temperature state updated to 8
2015-04-06 18:21:12 - Weather_Humidity state updated to 46
2015-04-06 18:21:12 - Weather_Temperature state updated to 8
2015-04-06 18:22:12 - Weather_Humidity state updated to 46
2015-04-06 18:22:13 - Weather_Temperature state updated to 8
2015-04-06 18:23:13 - Weather_Humidity state updated to 46
2015-04-06 18:23:13 - Weather_Temperature state updated to 8
2015-04-06 18:24:13 - Weather_Humidity state updated to 46
2015-04-06 18:24:13 - Weather_Temperature state updated to 8
2015-04-06 18:25:14 - Weather_Humidity state updated to 46
2015-04-06 18:25:14 - Weather_Temperature state updated to 8
2015-04-06 18:26:14 - Weather_Humidity state updated to 46
2015-04-06 18:26:14 - Weather_Temperature state updated to 8
2015-04-06 18:27:14 - Weather_Humidity state updated to 46
2015-04-06 18:27:15 - Weather_Temperature state updated to 8
2015-04-06 18:28:15 - Weather_Humidity state updated to 46
2015-04-06 18:28:15 - Weather_Temperature state updated to 8
2015-04-06 18:29:15 - Weather_Humidity state updated to 46
2015-04-06 18:29:15 - Weather_Temperature state updated to 8
2015-04-06 18:30:16 - Weather_Humidity state updated to 46
2015-04-06 18:30:16 - Weather_Temperature state updated to 8
2015-04-06 18:31:16 - Weather_Humidity state updated to 46
2015-04-06 18:31:16 - Weather_Temperature state updated to 8
2015-04-06 18:32:16 - Weather_Humidity state updated to 46
2015-04-06 18:32:16 - Weather_Temperature state updated to 8
2015-04-06 18:32:41 - Date state updated to 2015-04-06T18:32:41
2015-04-06 18:33:17 - Weather_Humidity state updated to 46
2015-04-06 18:33:17 - Weather_Temperature state updated to 8
2015-04-06 18:34:17 - Weather_Humidity state updated to 46
2015-04-06 18:34:17 - Weather_Temperature state updated to 8
2015-04-06 18:34:33 - Light_FF_Bath_Ceiling received command ON
2015-04-06 18:34:33 - Light_FF_Bath_Ceiling received command OFF
2015-04-06 18:35:18 - Weather_Humidity state updated to 46
2015-04-06 18:35:18 - Weather_Temperature state updated to 8
2015-04-06 18:36:18 - Weather_Humidity state updated to 46
2015-04-06 18:36:18 - Weather_Temperature state updated to 8
2015-04-06 18:37:18 - Weather_Humidity state updated to 46
2015-04-06 18:37:19 - Weather_Temperature state updated to 8
2015-04-06 18:38:19 - Weather_Humidity state updated to 46
2015-04-06 18:38:19 - Weather_Temperature state updated to 8
2015-04-06 18:39:19 - Weather_Humidity state updated to 46
2015-04-06 18:39:20 - Weather_Temperature state updated to 8
2015-04-06 18:40:20 - Weather_Humidity state updated to 46
2015-04-06 18:40:20 - Weather_Temperature state updated to 8
2015-04-06 18:41:20 - Weather_Humidity state updated to 46
2015-04-06 18:41:20 - Weather_Temperature state updated to 8
2015-04-06 18:42:20 - Weather_Humidity state updated to 46
2015-04-06 18:42:21 - Weather_Temperature state updated to 8
2015-04-06 18:43:21 - Weather_Humidity state updated to 46
2015-04-06 18:43:21 - Weather_Temperature state updated to 8
2015-04-06 18:44:21 - Weather_Humidity state updated to 46
2015-04-06 18:44:21 - Weather_Temperature state updated to 8
2015-04-06 18:45:22 - Weather_Humidity state updated to 46
2015-04-06 18:45:22 - Weather_Temperature state updated to 8
2015-04-06 18:46:22 - Weather_Humidity state updated to 46
2015-04-06 18:46:22 - Weather_Temperature state updated to 8
2015-04-06 18:47:23 - Weather_Humidity state updated to 46
2015-04-06 18:47:23 - Weather_Temperature state updated to 8
2015-04-06 18:47:41 - Date state updated to 2015-04-06T18:47:41
