2015-03-09 14:07:04,999 - Temperature_GF_Corridor  : 21.60000000
2015-03-09 14:07:05,004 - Temperature_GF_Toilet    : 19.90000000
2015-03-09 14:07:05,007 - Temperature_GF_Living    : 21.00000000
2015-03-09 14:07:05,010 - Temperature_GF_Kitchen   : 21.40000000
2015-03-09 14:07:05,014 - Temperature_FF_Bath      : 20.50000000
2015-03-09 14:07:05,017 - Temperature_FF_Office    : 22.00000000
2015-03-09 14:07:05,020 - Temperature_FF_Child     : 19.80000000
2015-03-09 14:07:05,024 - Temperature_FF_Bed       : 22.50000000
2015-03-09 14:07:15,649 - Temperature_GF_Corridor  : 19.70000000
2015-03-09 14:07:15,653 - Temperature_GF_Toilet    : 22.10000000
2015-03-09 14:07:15,657 - Temperature_GF_Living    : 18.20000000
2015-03-09 14:07:15,660 - Temperature_GF_Kitchen   : 22.20000000
2015-03-09 14:07:15,664 - Temperature_FF_Bath      : 19.00000000
2015-03-09 14:07:15,667 - Temperature_FF_Office    : 19.50000000
2015-03-09 14:07:15,671 - Temperature_FF_Child     : 22.30000000
2015-03-09 14:07:15,674 - Temperature_FF_Bed       : 18.20000000
2015-03-09 14:07:26,106 - Temperature_GF_Corridor  : 21.40000000
2015-03-09 14:07:26,110 - Temperature_GF_Toilet    : 20.20000000
2015-03-09 14:07:26,113 - Temperature_GF_Living    : 21.50000000
2015-03-09 14:07:26,117 - Temperature_GF_Kitchen   : 21.20000000
2015-03-09 14:07:26,121 - Temperature_FF_Bath      : 22.30000000
2015-03-09 14:07:26,125 - Temperature_FF_Office    : 20.80000000
2015-03-09 14:07:26,129 - Temperature_FF_Child     : 19.90000000
2015-03-09 14:07:26,133 - Temperature_FF_Bed       : 22.30000000
2015-03-09 14:07:36,533 - Temperature_GF_Corridor  : 20.70000000
2015-03-09 14:07:36,536 - Temperature_GF_Toilet    : 20.30000000
2015-03-09 14:07:36,540 - Temperature_GF_Living    : 19.40000000
2015-03-09 14:07:36,545 - Temperature_FF_Bath      : 20.20000000
2015-03-09 14:07:36,550 - Temperature_FF_Child     : 18.30000000
2015-03-09 14:07:36,553 - Temperature_FF_Bed       : 18.80000000
2015-03-09 14:09:18,664 - Temperature_GF_Corridor  : 21.00000000
2015-03-09 14:09:18,670 - Temperature_GF_Toilet    : 20.50000000
2015-03-09 14:09:18,675 - Temperature_GF_Living    : 20.70000000
2015-03-09 14:09:18,681 - Temperature_GF_Kitchen   : 22.20000000
2015-03-09 14:09:18,687 - Temperature_FF_Bath      : 21.90000000
2015-03-09 14:09:18,693 - Temperature_FF_Office    : 17.90000000
2015-03-09 14:09:18,697 - Temperature_FF_Child     : 20.70000000
2015-03-09 14:09:18,701 - Temperature_FF_Bed       : 18.60000000
2015-03-09 14:10:00,172 - Temperature_GF_Corridor  : 21.90000000
2015-03-09 14:10:00,179 - Temperature_GF_Toilet    : 20.80000000
2015-03-09 14:10:00,183 - Temperature_GF_Living    : 19.40000000
2015-03-09 14:10:00,187 - Temperature_GF_Kitchen   : 22.30000000
2015-03-09 14:10:00,191 - Temperature_FF_Bath      : 20.70000000
2015-03-09 14:10:00,194 - Temperature_FF_Office    : 21.60000000
2015-03-09 14:10:00,198 - Temperature_FF_Child     : 21.50000000
2015-03-09 14:10:00,201 - Temperature_FF_Bed       : 21.90000000
2015-03-09 14:15:00,136 - Temperature_GF_Corridor  : 21.80000000
2015-03-09 14:15:00,145 - Temperature_GF_Toilet    : 20.70000000
2015-03-09 14:15:00,149 - Temperature_GF_Living    : 18.00000000
2015-03-09 14:15:00,152 - Temperature_GF_Kitchen   : 18.60000000
2015-03-09 14:15:00,155 - Temperature_FF_Bath      : 21.70000000
2015-03-09 14:15:00,158 - Temperature_FF_Office    : 22.30000000
2015-03-09 14:15:00,161 - Temperature_FF_Child     : 20.30000000
2015-03-09 14:15:00,164 - Temperature_FF_Bed       : 19.40000000
2015-03-09 14:20:00,095 - Temperature_GF_Corridor  : 21.10000000
2015-03-09 14:20:00,101 - Temperature_GF_Toilet    : 21.80000000
2015-03-09 14:20:00,104 - Temperature_GF_Living    : 20.60000000
2015-03-09 14:20:00,107 - Temperature_GF_Kitchen   : 20.40000000
2015-03-09 14:20:00,110 - Temperature_FF_Bath      : 20.40000000
2015-03-09 14:20:00,114 - Temperature_FF_Office    : 20.40000000
2015-03-09 14:20:00,117 - Temperature_FF_Child     : 21.80000000
2015-03-09 14:20:00,120 - Temperature_FF_Bed       : 21.70000000
2015-03-09 14:25:00,132 - Temperature_GF_Corridor  : 21.90000000
2015-03-09 14:25:00,136 - Temperature_GF_Toilet    : 20.80000000
2015-03-09 14:25:00,141 - Temperature_GF_Living    : 20.50000000
2015-03-09 14:25:00,145 - Temperature_GF_Kitchen   : 20.20000000
2015-03-09 14:25:00,148 - Temperature_FF_Bath      : 22.10000000
2015-03-09 14:25:00,151 - Temperature_FF_Office    : 19.10000000
2015-03-09 14:25:00,154 - Temperature_FF_Child     : 18.10000000
2015-03-09 14:25:00,157 - Temperature_FF_Bed       : 18.40000000
2015-03-09 14:30:00,163 - Temperature_GF_Corridor  : 17.90000000
2015-03-09 14:30:00,172 - Temperature_GF_Toilet    : 19.90000000
2015-03-09 14:30:00,178 - Temperature_GF_Living    : 20.10000000
2015-03-09 14:30:00,185 - Temperature_GF_Kitchen   : 22.00000000
2015-03-09 14:30:00,191 - Temperature_FF_Bath      : 21.60000000
2015-03-09 14:30:00,197 - Temperature_FF_Office    : 22.10000000
2015-03-09 14:30:00,204 - Temperature_FF_Child     : 20.30000000
2015-03-09 14:30:00,212 - Temperature_FF_Bed       : 17.70000000
2015-03-09 14:35:00,109 - Temperature_GF_Corridor  : 21.00000000
2015-03-09 14:35:00,115 - Temperature_GF_Toilet    : 21.10000000
2015-03-09 14:35:00,118 - Temperature_GF_Living    : 19.10000000
2015-03-09 14:35:00,121 - Temperature_GF_Kitchen   : 17.90000000
2015-03-09 14:35:00,123 - Temperature_FF_Bath      : 19.20000000
2015-03-09 14:35:00,126 - Temperature_FF_Office    : 19.70000000
2015-03-09 14:35:00,129 - Temperature_FF_Child     : 21.00000000
2015-03-09 14:35:00,132 - Temperature_FF_Bed       : 22.50000000
2015-03-09 14:40:00,178 - Temperature_GF_Corridor  : 18.40000000
2015-03-09 14:40:00,183 - Temperature_GF_Toilet    : 19.80000000
2015-03-09 14:40:00,189 - Temperature_GF_Living    : 22.00000000
2015-03-09 14:40:00,193 - Temperature_GF_Kitchen   : 21.80000000
2015-03-09 14:40:00,197 - Temperature_FF_Bath      : 20.80000000
2015-03-09 14:40:00,201 - Temperature_FF_Office    : 22.50000000
2015-03-09 14:40:00,204 - Temperature_FF_Child     : 21.10000000
2015-03-09 14:40:00,207 - Temperature_FF_Bed       : 21.30000000
2015-03-09 14:41:37,054 - Temperature_GF_Corridor  : 20.90000000
2015-03-09 14:41:37,069 - Temperature_GF_Toilet    : 22.40000000
2015-03-09 14:41:37,074 - Temperature_GF_Living    : 19.90000000
2015-03-09 14:41:37,078 - Temperature_GF_Kitchen   : 20.80000000
2015-03-09 14:41:37,083 - Temperature_FF_Bath      : 19.40000000
2015-03-09 14:41:37,087 - Temperature_FF_Office    : 20.70000000
2015-03-09 14:41:37,090 - Temperature_FF_Child     : 18.20000000
2015-03-09 14:41:37,096 - Temperature_FF_Bed       : 18.70000000
2015-03-09 14:45:00,027 - Temperature_GF_Corridor  : 21.40000000
2015-03-09 14:45:00,039 - Temperature_GF_Toilet    : 21.10000000
2015-03-09 14:45:00,049 - Temperature_GF_Living    : 21.50000000
2015-03-09 14:45:00,055 - Temperature_GF_Kitchen   : 19.70000000
2015-03-09 14:45:00,059 - Temperature_FF_Bath      : 17.70000000
2015-03-09 14:45:00,062 - Temperature_FF_Office    : 22.40000000
2015-03-09 14:45:00,065 - Temperature_FF_Child     : 20.60000000
2015-03-09 14:45:00,068 - Temperature_FF_Bed       : 18.60000000
2015-03-09 14:50:00,026 - Temperature_GF_Corridor  : 20.70000000
2015-03-09 14:50:00,047 - Temperature_GF_Toilet    : 19.90000000
2015-03-09 14:50:00,062 - Temperature_GF_Kitchen   : 19.90000000
2015-03-09 14:50:00,072 - Temperature_FF_Bath      : 22.20000000
2015-03-09 14:50:00,079 - Temperature_FF_Office    : 20.50000000
2015-03-09 14:50:00,084 - Temperature_FF_Child     : 19.40000000
2015-03-09 14:50:00,090 - Temperature_FF_Bed       : 19.70000000
2015-03-09 14:53:32,980 - Temperature_GF_Corridor  : 20.00000000
2015-03-09 14:53:32,984 - Temperature_GF_Toilet    : 21.70000000
2015-03-09 14:53:32,988 - Temperature_GF_Living    : 20.00000000
2015-03-09 14:53:32,993 - Temperature_GF_Kitchen   : 18.50000000
2015-03-09 14:53:32,999 - Temperature_FF_Bath      : 20.60000000
2015-03-09 14:53:33,004 - Temperature_FF_Office    : 18.60000000
2015-03-09 14:53:33,007 - Temperature_FF_Child     : 19.60000000
2015-03-09 14:53:33,012 - Temperature_FF_Bed       : 19.00000000
2015-03-09 14:55:00,150 - Temperature_GF_Corridor  : 19.90000000
2015-03-09 14:55:00,154 - Temperature_GF_Toilet    : 22.30000000
2015-03-09 14:55:00,159 - Temperature_GF_Living    : 17.60000000
2015-03-09 14:55:00,164 - Temperature_GF_Kitchen   : 18.20000000
2015-03-09 14:55:00,167 - Temperature_FF_Bath      : 21.90000000
2015-03-09 14:55:00,170 - Temperature_FF_Office    : 17.80000000
2015-03-09 14:55:00,173 - Temperature_FF_Child     : 20.80000000
2015-03-09 14:55:00,176 - Temperature_FF_Bed       : 19.10000000
2015-03-09 15:00:00,118 - Temperature_GF_Corridor  : 20.70000000
2015-03-09 15:00:00,128 - Temperature_GF_Toilet    : 22.20000000
2015-03-09 15:00:00,137 - Temperature_GF_Living    : 20.10000000
2015-03-09 15:00:00,144 - Temperature_GF_Kitchen   : 21.60000000
2015-03-09 15:00:00,150 - Temperature_FF_Bath      : 19.70000000
2015-03-09 15:00:00,156 - Temperature_FF_Office    : 19.50000000
2015-03-09 15:00:00,161 - Temperature_FF_Child     : 19.30000000
2015-03-09 15:00:00,167 - Temperature_FF_Bed       : 17.70000000
2015-03-09 15:05:00,094 - Temperature_GF_Corridor  : 21.10000000
2015-03-09 15:05:00,098 - Temperature_GF_Toilet    : 20.40000000
2015-03-09 15:05:00,103 - Temperature_GF_Living    : 20.60000000
2015-03-09 15:05:00,106 - Temperature_GF_Kitchen   : 21.50000000
2015-03-09 15:05:00,109 - Temperature_FF_Bath      : 19.50000000
2015-03-09 15:05:00,112 - Temperature_FF_Office    : 20.10000000
2015-03-09 15:05:00,115 - Temperature_FF_Child     : 21.30000000
2015-03-09 15:05:00,118 - Temperature_FF_Bed       : 19.70000000
2015-03-09 15:10:00,142 - Temperature_GF_Corridor  : 19.40000000
2015-03-09 15:10:00,152 - Temperature_GF_Toilet    : 20.80000000
2015-03-09 15:10:00,160 - Temperature_GF_Living    : 18.80000000
2015-03-09 15:10:00,164 - Temperature_GF_Kitchen   : 19.30000000
2015-03-09 15:10:00,167 - Temperature_FF_Bath      : 20.90000000
2015-03-09 15:10:00,171 - Temperature_FF_Office    : 18.20000000
2015-03-09 15:10:00,175 - Temperature_FF_Child     : 21.00000000
2015-03-09 15:10:00,178 - Temperature_FF_Bed       : 21.60000000
2015-03-09 15:13:28,519 - Temperature_GF_Corridor  : 18.80000000
2015-03-09 15:13:28,523 - Temperature_GF_Toilet    : 20.30000000
2015-03-09 15:13:28,526 - Temperature_GF_Living    : 20.00000000
2015-03-09 15:13:28,529 - Temperature_GF_Kitchen   : 21.70000000
2015-03-09 15:13:28,532 - Temperature_FF_Bath      : 18.10000000
2015-03-09 15:13:28,535 - Temperature_FF_Office    : 19.90000000
2015-03-09 15:13:28,538 - Temperature_FF_Child     : 19.80000000
2015-03-09 15:13:28,541 - Temperature_FF_Bed       : 21.30000000
2015-03-09 15:15:00,012 - Temperature_GF_Corridor  : 19.50000000
2015-03-09 15:15:00,016 - Temperature_GF_Toilet    : 22.30000000
2015-03-09 15:15:00,020 - Temperature_GF_Living    : 19.70000000
2015-03-09 15:15:00,022 - Temperature_GF_Kitchen   : 17.60000000
2015-03-09 15:15:00,025 - Temperature_FF_Bath      : 18.40000000
2015-03-09 15:15:00,028 - Temperature_FF_Office    : 20.90000000
2015-03-09 15:15:00,030 - Temperature_FF_Child     : 19.10000000
2015-03-09 15:15:00,032 - Temperature_FF_Bed       : 18.80000000
2015-03-09 15:36:06,025 - Temperature_GF_Corridor  : 22.10000000
2015-03-09 15:36:06,033 - Temperature_GF_Toilet    : 19.90000000
2015-03-09 15:36:06,039 - Temperature_GF_Living    : 21.10000000
2015-03-09 15:36:06,044 - Temperature_GF_Kitchen   : 19.90000000
2015-03-09 15:36:06,048 - Temperature_FF_Bath      : 22.50000000
2015-03-09 15:36:06,051 - Temperature_FF_Office    : 18.50000000
2015-03-09 15:36:06,054 - Temperature_FF_Child     : 21.00000000
2015-03-09 15:36:06,056 - Temperature_FF_Bed       : 22.30000000
2015-03-16 08:39:03,085 - Temperature_GF_Corridor  : 21.20000000
2015-03-16 08:39:03,100 - Temperature_GF_Toilet    : 19.70000000
2015-03-16 08:39:03,105 - Temperature_GF_Living    : 22.40000000
2015-03-16 08:39:03,110 - Temperature_GF_Kitchen   : 18.20000000
2015-03-16 08:39:03,115 - Temperature_FF_Bath      : 21.60000000
2015-03-16 08:39:03,120 - Temperature_FF_Office    : 20.20000000
2015-03-16 08:39:03,126 - Temperature_FF_Child     : 20.80000000
2015-03-16 08:39:03,132 - Temperature_FF_Bed       : 18.10000000
2015-03-16 08:39:13,840 - Temperature_GF_Corridor  : 19.50000000
2015-03-16 08:39:13,845 - Temperature_GF_Toilet    : 22.00000000
2015-03-16 08:39:13,849 - Temperature_GF_Living    : 19.20000000
2015-03-16 08:39:13,854 - Temperature_GF_Kitchen   : 20.70000000
2015-03-16 08:39:13,859 - Temperature_FF_Bath      : 20.40000000
2015-03-16 08:39:13,863 - Temperature_FF_Office    : 17.70000000
2015-03-16 08:39:13,868 - Temperature_FF_Child     : 17.70000000
2015-03-16 08:39:13,873 - Temperature_FF_Bed       : 17.90000000
2015-03-16 08:39:24,504 - Temperature_GF_Corridor  : 18.20000000
2015-03-16 08:39:24,507 - Temperature_GF_Toilet    : 19.10000000
2015-03-16 08:39:24,511 - Temperature_GF_Living    : 18.10000000
2015-03-16 08:39:24,514 - Temperature_GF_Kitchen   : 18.20000000
2015-03-16 08:39:24,517 - Temperature_FF_Bath      : 20.60000000
2015-03-16 08:39:24,521 - Temperature_FF_Office    : 22.40000000
2015-03-16 08:39:24,526 - Temperature_FF_Child     : 19.40000000
2015-03-16 08:39:24,529 - Temperature_FF_Bed       : 21.80000000
2015-03-16 08:39:34,944 - Temperature_GF_Corridor  : 20.90000000
2015-03-16 08:39:34,947 - Temperature_GF_Toilet    : 21.00000000
2015-03-16 08:39:34,951 - Temperature_GF_Kitchen   : 20.30000000
2015-03-16 08:39:34,958 - Temperature_FF_Bath      : 19.00000000
2015-03-16 08:39:34,961 - Temperature_FF_Office    : 19.90000000
2015-03-16 08:39:34,964 - Temperature_FF_Child     : 19.60000000
2015-03-16 08:39:34,969 - Temperature_FF_Bed       : 18.00000000
2015-03-16 08:39:45,232 - Temperature_GF_Corridor  : 19.00000000
2015-03-16 08:39:45,236 - Temperature_GF_Toilet    : 20.50000000
2015-03-16 08:39:45,239 - Temperature_GF_Living    : 18.80000000
2015-03-16 08:39:45,241 - Temperature_GF_Kitchen   : 21.40000000
2015-03-16 08:39:45,243 - Temperature_FF_Bath      : 19.90000000
2015-03-16 08:39:45,245 - Temperature_FF_Office    : 20.00000000
2015-03-16 08:39:45,247 - Temperature_FF_Child     : 18.30000000
2015-03-16 08:39:45,249 - Temperature_FF_Bed       : 20.20000000
2015-03-16 08:39:55,576 - Temperature_GF_Corridor  : 20.90000000
2015-03-16 08:39:55,578 - Temperature_GF_Toilet    : 19.40000000
2015-03-16 08:39:55,580 - Temperature_GF_Living    : 22.00000000
2015-03-16 08:39:55,582 - Temperature_GF_Kitchen   : 22.10000000
2015-03-16 08:39:55,584 - Temperature_FF_Bath      : 21.70000000
2015-03-16 08:39:55,586 - Temperature_FF_Office    : 21.60000000
2015-03-16 08:39:55,589 - Temperature_FF_Child     : 18.10000000
2015-03-16 08:39:55,592 - Temperature_FF_Bed       : 17.80000000
2015-03-16 08:40:00,017 - Temperature_GF_Corridor  : 19.90000000
2015-03-16 08:40:00,021 - Temperature_GF_Toilet    : 20.10000000
2015-03-16 08:40:00,024 - Temperature_GF_Living    : 22.30000000
2015-03-16 08:40:00,029 - Temperature_GF_Kitchen   : 20.00000000
2015-03-16 08:40:00,033 - Temperature_FF_Bath      : 19.40000000
2015-03-16 08:40:00,037 - Temperature_FF_Office    : 18.80000000
2015-03-16 08:40:00,041 - Temperature_FF_Child     : 19.40000000
2015-03-16 08:40:00,044 - Temperature_FF_Bed       : 19.10000000
2015-03-16 08:40:05,989 - Temperature_GF_Corridor  : 20.90000000
2015-03-16 08:40:05,992 - Temperature_GF_Toilet    : 20.90000000
2015-03-16 08:40:05,994 - Temperature_GF_Living    : 22.40000000
2015-03-16 08:40:05,996 - Temperature_GF_Kitchen   : 17.70000000
2015-03-16 08:40:05,998 - Temperature_FF_Bath      : 21.80000000
2015-03-16 08:40:06,000 - Temperature_FF_Office    : 19.00000000
2015-03-16 08:40:06,003 - Temperature_FF_Child     : 17.60000000
2015-03-16 08:40:06,004 - Temperature_FF_Bed       : 21.60000000
2015-03-16 08:40:16,172 - Temperature_GF_Corridor  : 20.30000000
2015-03-16 08:40:16,174 - Temperature_GF_Toilet    : 20.30000000
2015-03-16 08:40:16,176 - Temperature_GF_Living    : 19.20000000
2015-03-16 08:40:16,178 - Temperature_GF_Kitchen   : 18.40000000
2015-03-16 08:40:16,180 - Temperature_FF_Bath      : 19.70000000
2015-03-16 08:40:16,183 - Temperature_FF_Office    : 19.30000000
2015-03-16 08:40:16,185 - Temperature_FF_Child     : 18.90000000
2015-03-16 08:40:16,187 - Temperature_FF_Bed       : 18.40000000
2015-03-16 08:40:26,471 - Temperature_GF_Corridor  : 18.80000000
2015-03-16 08:40:26,473 - Temperature_GF_Toilet    : 21.20000000
2015-03-16 08:40:26,474 - Temperature_GF_Living    : 21.00000000
2015-03-16 08:40:26,476 - Temperature_GF_Kitchen   : 18.90000000
2015-03-16 08:40:26,477 - Temperature_FF_Bath      : 21.20000000
2015-03-16 08:40:26,478 - Temperature_FF_Office    : 19.00000000
2015-03-16 08:40:26,481 - Temperature_FF_Child     : 22.00000000
2015-03-16 08:40:26,483 - Temperature_FF_Bed       : 22.10000000
2015-03-16 08:40:36,775 - Temperature_GF_Corridor  : 20.40000000
2015-03-16 08:40:36,777 - Temperature_GF_Toilet    : 21.70000000
2015-03-16 08:40:36,779 - Temperature_GF_Living    : 18.50000000
2015-03-16 08:40:36,781 - Temperature_GF_Kitchen   : 19.10000000
2015-03-16 08:40:36,783 - Temperature_FF_Bath      : 22.20000000
2015-03-16 08:40:36,785 - Temperature_FF_Office    : 19.30000000
2015-03-16 08:40:36,787 - Temperature_FF_Child     : 21.40000000
2015-03-16 08:40:36,789 - Temperature_FF_Bed       : 21.50000000
2015-03-16 08:40:47,096 - Temperature_GF_Corridor  : 19.00000000
2015-03-16 08:40:47,098 - Temperature_GF_Toilet    : 20.80000000
2015-03-16 08:40:47,100 - Temperature_GF_Living    : 20.80000000
2015-03-16 08:40:47,103 - Temperature_GF_Kitchen   : 17.60000000
2015-03-16 08:40:47,104 - Temperature_FF_Bath      : 21.80000000
2015-03-16 08:40:47,106 - Temperature_FF_Office    : 18.80000000
2015-03-16 08:40:47,107 - Temperature_FF_Child     : 22.20000000
2015-03-16 08:40:47,109 - Temperature_FF_Bed       : 18.60000000
2015-03-16 08:40:57,330 - Temperature_GF_Corridor  : 22.00000000
2015-03-16 08:40:57,332 - Temperature_GF_Toilet    : 21.50000000
2015-03-16 08:40:57,333 - Temperature_GF_Living    : 19.30000000
2015-03-16 08:40:57,335 - Temperature_GF_Kitchen   : 21.70000000
2015-03-16 08:40:57,337 - Temperature_FF_Bath      : 21.70000000
2015-03-16 08:40:57,339 - Temperature_FF_Office    : 20.40000000
2015-03-16 08:40:57,341 - Temperature_FF_Child     : 21.40000000
2015-03-16 08:40:57,343 - Temperature_FF_Bed       : 22.00000000
2015-03-16 08:41:07,550 - Temperature_GF_Corridor  : 20.50000000
2015-03-16 08:41:07,552 - Temperature_GF_Toilet    : 20.80000000
2015-03-16 08:41:07,553 - Temperature_GF_Living    : 18.30000000
2015-03-16 08:41:07,555 - Temperature_GF_Kitchen   : 22.20000000
2015-03-16 08:41:07,557 - Temperature_FF_Bath      : 20.30000000
2015-03-16 08:41:07,559 - Temperature_FF_Office    : 18.00000000
2015-03-16 08:41:07,560 - Temperature_FF_Child     : 18.30000000
2015-03-16 08:41:07,562 - Temperature_FF_Bed       : 18.90000000
2015-03-16 08:50:33,882 - Temperature_GF_Corridor  : 21.10000000
2015-03-16 08:50:33,886 - Temperature_GF_Toilet    : 22.40000000
2015-03-16 08:50:33,891 - Temperature_GF_Living    : 21.80000000
2015-03-16 08:50:33,896 - Temperature_GF_Kitchen   : 19.70000000
2015-03-16 08:50:33,900 - Temperature_FF_Bath      : 21.80000000
2015-03-16 08:50:33,904 - Temperature_FF_Office    : 20.20000000
2015-03-16 08:50:33,908 - Temperature_FF_Child     : 18.80000000
2015-03-16 08:50:33,914 - Temperature_FF_Bed       : 21.10000000
2015-03-16 08:50:44,649 - Temperature_GF_Corridor  : 19.10000000
2015-03-16 08:50:44,654 - Temperature_GF_Toilet    : 22.50000000
2015-03-16 08:50:44,658 - Temperature_GF_Living    : 19.30000000
2015-03-16 08:50:44,661 - Temperature_GF_Kitchen   : 21.60000000
2015-03-16 08:50:44,664 - Temperature_FF_Bath      : 21.40000000
2015-03-16 08:50:44,668 - Temperature_FF_Office    : 21.80000000
2015-03-16 08:50:44,672 - Temperature_FF_Child     : 18.20000000
2015-03-16 08:50:44,677 - Temperature_FF_Bed       : 21.60000000
2015-03-16 08:50:55,238 - Temperature_GF_Corridor  : 22.50000000
2015-03-16 08:50:55,243 - Temperature_GF_Toilet    : 19.60000000
2015-03-16 08:50:55,246 - Temperature_GF_Living    : 18.20000000
2015-03-16 08:50:55,248 - Temperature_GF_Kitchen   : 18.80000000
2015-03-16 08:50:55,251 - Temperature_FF_Bath      : 20.20000000
2015-03-16 08:50:55,254 - Temperature_FF_Office    : 18.50000000
2015-03-16 08:50:55,257 - Temperature_FF_Child     : 17.90000000
2015-03-16 08:50:55,261 - Temperature_FF_Bed       : 21.50000000
2015-03-16 08:51:05,665 - Temperature_GF_Corridor  : 18.50000000
2015-03-16 08:51:05,669 - Temperature_GF_Toilet    : 21.60000000
2015-03-16 08:51:05,672 - Temperature_GF_Living    : 18.90000000
2015-03-16 08:51:05,676 - Temperature_GF_Kitchen   : 19.20000000
2015-03-16 08:51:05,684 - Temperature_FF_Bath      : 17.70000000
2015-03-16 08:51:05,687 - Temperature_FF_Office    : 21.70000000
2015-03-16 08:51:05,691 - Temperature_FF_Child     : 20.70000000
2015-03-16 08:51:15,975 - Temperature_GF_Corridor  : 18.60000000
2015-03-16 08:51:15,978 - Temperature_GF_Toilet    : 22.50000000
2015-03-16 08:51:15,982 - Temperature_GF_Living    : 20.60000000
2015-03-16 08:51:15,985 - Temperature_GF_Kitchen   : 22.00000000
2015-03-16 08:51:15,988 - Temperature_FF_Bath      : 22.00000000
2015-03-16 08:51:15,991 - Temperature_FF_Office    : 19.00000000
2015-03-16 08:51:15,993 - Temperature_FF_Child     : 18.90000000
2015-03-16 08:51:15,996 - Temperature_FF_Bed       : 18.90000000
2015-03-16 08:51:26,384 - Temperature_GF_Corridor  : 21.80000000
2015-03-16 08:51:26,387 - Temperature_GF_Toilet    : 22.30000000
2015-03-16 08:51:26,390 - Temperature_GF_Living    : 19.40000000
2015-03-16 08:51:26,393 - Temperature_GF_Kitchen   : 21.20000000
2015-03-16 08:51:26,396 - Temperature_FF_Bath      : 20.30000000
2015-03-16 08:51:26,400 - Temperature_FF_Child     : 18.20000000
2015-03-16 08:51:26,430 - Temperature_FF_Bed       : 21.70000000
2015-03-16 08:51:36,776 - Temperature_GF_Corridor  : 18.70000000
2015-03-16 08:51:36,778 - Temperature_GF_Toilet    : 18.10000000
2015-03-16 08:51:36,781 - Temperature_GF_Living    : 19.10000000
2015-03-16 08:51:36,783 - Temperature_GF_Kitchen   : 19.90000000
2015-03-16 08:51:36,786 - Temperature_FF_Bath      : 19.90000000
2015-03-16 08:51:36,788 - Temperature_FF_Office    : 17.70000000
2015-03-16 08:51:36,791 - Temperature_FF_Child     : 19.20000000
2015-03-16 08:51:47,241 - Temperature_GF_Corridor  : 21.60000000
2015-03-16 08:51:47,242 - Temperature_GF_Toilet    : 21.40000000
2015-03-16 08:51:47,244 - Temperature_GF_Living    : 17.60000000
2015-03-16 08:51:47,245 - Temperature_GF_Kitchen   : 21.90000000
2015-03-16 08:51:47,246 - Temperature_FF_Bath      : 17.90000000
2015-03-16 08:51:47,248 - Temperature_FF_Office    : 19.30000000
2015-03-16 08:51:47,249 - Temperature_FF_Child     : 21.50000000
2015-03-16 08:51:47,250 - Temperature_FF_Bed       : 19.60000000
2015-03-16 08:51:57,552 - Temperature_GF_Corridor  : 19.80000000
2015-03-16 08:51:57,553 - Temperature_GF_Toilet    : 19.40000000
2015-03-16 08:51:57,554 - Temperature_GF_Living    : 22.00000000
2015-03-16 08:51:57,556 - Temperature_GF_Kitchen   : 21.60000000
2015-03-16 08:51:57,557 - Temperature_FF_Bath      : 20.90000000
2015-03-16 08:51:57,559 - Temperature_FF_Office    : 20.90000000
2015-03-16 08:51:57,560 - Temperature_FF_Child     : 21.60000000
2015-03-16 08:51:57,561 - Temperature_FF_Bed       : 18.40000000
2015-03-16 08:52:07,772 - Temperature_GF_Corridor  : 21.80000000
2015-03-16 08:52:07,774 - Temperature_GF_Toilet    : 18.90000000
2015-03-16 08:52:07,775 - Temperature_GF_Living    : 20.50000000
2015-03-16 08:52:07,777 - Temperature_GF_Kitchen   : 20.10000000
2015-03-16 08:52:07,778 - Temperature_FF_Bath      : 22.30000000
2015-03-16 08:52:07,780 - Temperature_FF_Office    : 18.60000000
2015-03-16 08:52:07,781 - Temperature_FF_Child     : 17.90000000
2015-03-16 08:52:07,783 - Temperature_FF_Bed       : 22.20000000
2015-03-16 08:52:18,248 - Temperature_GF_Corridor  : 17.60000000
2015-03-16 08:52:18,250 - Temperature_GF_Toilet    : 19.60000000
2015-03-16 08:52:18,252 - Temperature_GF_Living    : 21.80000000
2015-03-16 08:52:18,254 - Temperature_GF_Kitchen   : 20.40000000
2015-03-16 08:52:18,257 - Temperature_FF_Office    : 21.90000000
2015-03-16 08:52:18,259 - Temperature_FF_Child     : 19.90000000
2015-03-16 08:52:18,260 - Temperature_FF_Bed       : 20.80000000
2015-03-16 08:52:28,378 - Temperature_GF_Corridor  : 22.10000000
2015-03-16 08:52:28,379 - Temperature_GF_Living    : 17.80000000
2015-03-16 08:52:28,381 - Temperature_FF_Bath      : 17.70000000
2015-03-16 08:52:28,382 - Temperature_FF_Office    : 19.30000000
2015-03-16 08:52:28,383 - Temperature_FF_Child     : 22.40000000
2015-03-16 08:52:28,384 - Temperature_FF_Bed       : 22.00000000
2015-03-17 12:24:57,668 - Temperature_GF_Corridor  : 18.30000000
2015-03-17 12:24:57,696 - Temperature_GF_Toilet    : 21.80000000
2015-03-17 12:24:57,701 - Temperature_GF_Living    : 20.20000000
2015-03-17 12:24:57,707 - Temperature_GF_Kitchen   : 18.90000000
2015-03-17 12:24:57,721 - Temperature_FF_Bath      : 21.80000000
2015-03-17 12:24:57,726 - Temperature_FF_Office    : 17.80000000
2015-03-17 12:24:57,732 - Temperature_FF_Child     : 20.70000000
2015-03-17 12:24:57,736 - Temperature_FF_Bed       : 21.20000000
2015-03-17 12:25:00,143 - Temperature_GF_Corridor  : 22.50000000
2015-03-17 12:25:00,146 - Temperature_GF_Toilet    : 19.40000000
2015-03-17 12:25:00,153 - Temperature_GF_Living    : 19.20000000
2015-03-17 12:25:00,156 - Temperature_GF_Kitchen   : 21.00000000
2015-03-17 12:25:00,159 - Temperature_FF_Bath      : 19.00000000
2015-03-17 12:25:00,162 - Temperature_FF_Office    : 21.40000000
2015-03-17 12:25:00,165 - Temperature_FF_Child     : 22.30000000
2015-03-17 12:25:00,169 - Temperature_FF_Bed       : 22.00000000
2015-03-17 12:25:08,409 - Temperature_GF_Toilet    : 22.20000000
2015-03-17 12:25:08,414 - Temperature_GF_Living    : 21.10000000
2015-03-17 12:25:08,418 - Temperature_GF_Kitchen   : 21.40000000
2015-03-17 12:25:08,427 - Temperature_FF_Bath      : 22.10000000
2015-03-17 12:25:08,431 - Temperature_FF_Office    : 19.50000000
2015-03-17 12:25:08,436 - Temperature_FF_Child     : 19.10000000
2015-03-17 12:25:08,441 - Temperature_FF_Bed       : 22.40000000
2015-03-17 12:25:19,096 - Temperature_GF_Corridor  : 22.00000000
2015-03-17 12:25:19,098 - Temperature_GF_Toilet    : 20.60000000
2015-03-17 12:25:19,101 - Temperature_GF_Living    : 17.90000000
2015-03-17 12:25:19,103 - Temperature_GF_Kitchen   : 18.00000000
2015-03-17 12:25:19,106 - Temperature_FF_Bath      : 20.70000000
2015-03-17 12:25:19,108 - Temperature_FF_Office    : 20.00000000
2015-03-17 12:25:19,111 - Temperature_FF_Child     : 19.70000000
2015-03-17 12:25:19,114 - Temperature_FF_Bed       : 20.80000000
2015-03-17 12:25:29,393 - Temperature_GF_Corridor  : 21.20000000
2015-03-17 12:25:29,400 - Temperature_GF_Toilet    : 19.90000000
2015-03-17 12:25:29,404 - Temperature_GF_Living    : 19.10000000
2015-03-17 12:25:29,408 - Temperature_GF_Kitchen   : 22.50000000
2015-03-17 12:25:29,412 - Temperature_FF_Bath      : 22.20000000
2015-03-17 12:25:29,416 - Temperature_FF_Office    : 20.10000000
2015-03-17 12:25:29,419 - Temperature_FF_Child     : 21.90000000
2015-03-17 12:25:29,423 - Temperature_FF_Bed       : 17.90000000
2015-03-17 12:25:39,824 - Temperature_GF_Corridor  : 19.40000000
2015-03-17 12:25:39,826 - Temperature_GF_Toilet    : 22.50000000
2015-03-17 12:25:39,828 - Temperature_GF_Living    : 19.00000000
2015-03-17 12:25:39,830 - Temperature_GF_Kitchen   : 22.00000000
2015-03-17 12:25:39,833 - Temperature_FF_Bath      : 20.70000000
2015-03-17 12:25:39,835 - Temperature_FF_Office    : 21.90000000
2015-03-17 12:25:39,837 - Temperature_FF_Child     : 17.80000000
2015-03-17 12:25:39,839 - Temperature_FF_Bed       : 20.90000000
2015-03-17 12:25:50,226 - Temperature_GF_Corridor  : 22.40000000
2015-03-17 12:25:50,228 - Temperature_GF_Toilet    : 22.30000000
2015-03-17 12:25:50,230 - Temperature_GF_Living    : 21.10000000
2015-03-17 12:25:50,232 - Temperature_GF_Kitchen   : 18.70000000
2015-03-17 12:25:50,235 - Temperature_FF_Bath      : 18.10000000
2015-03-17 12:25:50,238 - Temperature_FF_Office    : 21.80000000
2015-03-17 12:25:50,240 - Temperature_FF_Child     : 20.00000000
2015-03-17 12:25:50,243 - Temperature_FF_Bed       : 20.80000000
2015-03-17 12:26:00,513 - Temperature_GF_Corridor  : 22.30000000
2015-03-17 12:26:00,517 - Temperature_GF_Living    : 17.90000000
2015-03-17 12:26:00,519 - Temperature_GF_Kitchen   : 21.10000000
2015-03-17 12:26:00,522 - Temperature_FF_Bath      : 18.00000000
2015-03-17 12:26:00,523 - Temperature_FF_Office    : 20.20000000
2015-03-17 12:26:00,525 - Temperature_FF_Child     : 17.80000000
2015-03-17 12:26:00,527 - Temperature_FF_Bed       : 19.20000000
2015-03-17 12:26:10,831 - Temperature_GF_Corridor  : 18.50000000
2015-03-17 12:26:10,834 - Temperature_GF_Toilet    : 17.70000000
2015-03-17 12:26:10,836 - Temperature_GF_Living    : 20.70000000
2015-03-17 12:26:10,838 - Temperature_GF_Kitchen   : 21.40000000
2015-03-17 12:26:10,840 - Temperature_FF_Bath      : 22.30000000
2015-03-17 12:26:10,842 - Temperature_FF_Office    : 18.70000000
2015-03-17 12:26:10,844 - Temperature_FF_Child     : 22.40000000
2015-03-17 12:26:10,847 - Temperature_FF_Bed       : 17.80000000
2015-03-17 12:26:21,177 - Temperature_GF_Corridor  : 17.80000000
2015-03-17 12:26:21,181 - Temperature_GF_Toilet    : 20.50000000
2015-03-17 12:26:21,185 - Temperature_GF_Living    : 18.90000000
2015-03-17 12:26:21,186 - Temperature_GF_Kitchen   : 21.00000000
2015-03-17 12:26:21,188 - Temperature_FF_Bath      : 18.50000000
2015-03-17 12:26:21,190 - Temperature_FF_Office    : 21.60000000
2015-03-17 12:26:21,191 - Temperature_FF_Child     : 22.00000000
2015-03-17 12:26:21,193 - Temperature_FF_Bed       : 18.30000000
2015-03-17 12:26:31,504 - Temperature_GF_Corridor  : 19.80000000
2015-03-17 12:26:31,506 - Temperature_GF_Toilet    : 19.80000000
2015-03-17 12:26:31,508 - Temperature_GF_Living    : 19.90000000
2015-03-17 12:26:31,509 - Temperature_GF_Kitchen   : 22.00000000
2015-03-17 12:26:31,511 - Temperature_FF_Bath      : 18.90000000
2015-03-17 12:26:31,513 - Temperature_FF_Office    : 19.20000000
2015-03-17 12:26:31,514 - Temperature_FF_Child     : 21.10000000
2015-03-17 12:26:31,516 - Temperature_FF_Bed       : 18.40000000
2015-03-17 12:26:41,879 - Temperature_GF_Corridor  : 20.00000000
2015-03-17 12:26:41,880 - Temperature_GF_Toilet    : 22.00000000
2015-03-17 12:26:41,881 - Temperature_GF_Living    : 22.20000000
2015-03-17 12:26:41,882 - Temperature_GF_Kitchen   : 19.20000000
2015-03-17 12:26:41,884 - Temperature_FF_Bath      : 22.30000000
2015-03-17 12:26:41,885 - Temperature_FF_Office    : 20.70000000
2015-03-17 12:26:41,887 - Temperature_FF_Child     : 22.10000000
2015-03-17 12:26:41,889 - Temperature_FF_Bed       : 18.60000000
2015-03-17 12:26:52,091 - Temperature_GF_Corridor  : 22.40000000
2015-03-17 12:26:52,092 - Temperature_GF_Toilet    : 18.70000000
2015-03-17 12:26:52,094 - Temperature_GF_Living    : 17.60000000
2015-03-17 12:26:52,095 - Temperature_GF_Kitchen   : 19.90000000
2015-03-17 12:26:52,096 - Temperature_FF_Bath      : 18.00000000
2015-03-17 12:26:52,098 - Temperature_FF_Office    : 22.50000000
2015-03-17 12:26:52,099 - Temperature_FF_Child     : 21.50000000
2015-03-17 12:26:52,101 - Temperature_FF_Bed       : 22.00000000
2015-03-17 12:27:02,459 - Temperature_GF_Corridor  : 18.50000000
2015-03-17 12:27:02,462 - Temperature_GF_Toilet    : 19.40000000
2015-03-17 12:27:02,464 - Temperature_GF_Living    : 21.70000000
2015-03-17 12:27:02,467 - Temperature_GF_Kitchen   : 19.50000000
2015-03-17 12:27:02,468 - Temperature_FF_Bath      : 20.10000000
2015-03-17 12:27:02,469 - Temperature_FF_Office    : 20.20000000
2015-03-17 12:27:02,470 - Temperature_FF_Child     : 17.60000000
2015-03-17 12:27:02,472 - Temperature_FF_Bed       : 18.80000000
2015-03-17 12:30:00,118 - Temperature_GF_Corridor  : 21.20000000
2015-03-17 12:30:00,121 - Temperature_GF_Toilet    : 20.80000000
2015-03-17 12:30:00,127 - Temperature_GF_Living    : 20.80000000
2015-03-17 12:30:00,129 - Temperature_GF_Kitchen   : 20.50000000
2015-03-17 12:30:00,130 - Temperature_FF_Bath      : 22.50000000
2015-03-17 12:30:00,131 - Temperature_FF_Office    : 17.80000000
2015-03-17 12:30:00,133 - Temperature_FF_Child     : 20.20000000
2015-03-17 12:30:00,134 - Temperature_FF_Bed       : 21.10000000
2015-03-17 12:35:00,060 - Temperature_GF_Corridor  : 19.20000000
2015-03-17 12:35:00,064 - Temperature_GF_Toilet    : 21.20000000
2015-03-17 12:35:00,067 - Temperature_GF_Living    : 20.30000000
2015-03-17 12:35:00,070 - Temperature_GF_Kitchen   : 18.80000000
2015-03-17 12:35:00,073 - Temperature_FF_Bath      : 21.10000000
2015-03-17 12:35:00,076 - Temperature_FF_Office    : 18.50000000
2015-03-17 12:35:00,078 - Temperature_FF_Child     : 20.60000000
2015-03-17 12:35:00,081 - Temperature_FF_Bed       : 18.30000000
2015-03-17 12:40:00,101 - Temperature_GF_Corridor  : 18.60000000
2015-03-17 12:40:00,104 - Temperature_GF_Toilet    : 21.30000000
2015-03-17 12:40:00,107 - Temperature_GF_Living    : 20.80000000
2015-03-17 12:40:00,109 - Temperature_GF_Kitchen   : 19.90000000
2015-03-17 12:40:00,112 - Temperature_FF_Bath      : 18.20000000
2015-03-17 12:40:00,114 - Temperature_FF_Office    : 21.40000000
2015-03-17 12:40:00,116 - Temperature_FF_Child     : 21.90000000
2015-03-17 12:40:00,118 - Temperature_FF_Bed       : 20.40000000
2015-03-17 12:49:24,957 - Temperature_GF_Corridor  : 22.20000000
2015-03-17 12:49:24,962 - Temperature_GF_Toilet    : 20.10000000
2015-03-17 12:49:24,968 - Temperature_GF_Living    : 22.40000000
2015-03-17 12:49:24,973 - Temperature_GF_Kitchen   : 19.90000000
2015-03-17 12:49:24,978 - Temperature_FF_Bath      : 18.60000000
2015-03-17 12:49:24,983 - Temperature_FF_Office    : 21.70000000
2015-03-17 12:49:24,989 - Temperature_FF_Child     : 18.70000000
2015-03-17 12:49:24,994 - Temperature_FF_Bed       : 20.20000000
2015-03-17 12:49:35,757 - Temperature_GF_Corridor  : 22.10000000
2015-03-17 12:49:35,760 - Temperature_GF_Toilet    : 22.00000000
2015-03-17 12:49:35,764 - Temperature_GF_Living    : 17.70000000
2015-03-17 12:49:35,767 - Temperature_GF_Kitchen   : 22.30000000
2015-03-17 12:49:35,771 - Temperature_FF_Bath      : 19.00000000
2015-03-17 12:49:35,775 - Temperature_FF_Office    : 19.20000000
2015-03-17 12:49:35,779 - Temperature_FF_Child     : 19.50000000
2015-03-17 12:49:35,783 - Temperature_FF_Bed       : 18.90000000
2015-03-17 12:49:46,246 - Temperature_GF_Corridor  : 19.30000000
2015-03-17 12:49:46,249 - Temperature_GF_Toilet    : 22.20000000
2015-03-17 12:49:46,254 - Temperature_GF_Living    : 20.70000000
2015-03-17 12:49:46,257 - Temperature_GF_Kitchen   : 22.20000000
2015-03-17 12:49:46,261 - Temperature_FF_Bath      : 19.90000000
2015-03-17 12:49:46,265 - Temperature_FF_Office    : 21.20000000
2015-03-17 12:49:46,273 - Temperature_FF_Child     : 22.50000000
2015-03-17 12:49:46,277 - Temperature_FF_Bed       : 22.50000000
2015-03-17 12:49:56,706 - Temperature_GF_Corridor  : 19.60000000
2015-03-17 12:49:56,710 - Temperature_GF_Toilet    : 21.00000000
2015-03-17 12:49:56,713 - Temperature_GF_Living    : 18.90000000
2015-03-17 12:49:56,719 - Temperature_GF_Kitchen   : 19.50000000
2015-03-17 12:49:56,726 - Temperature_FF_Bath      : 18.20000000
2015-03-17 12:49:56,730 - Temperature_FF_Office    : 21.50000000
2015-03-17 12:49:56,733 - Temperature_FF_Child     : 20.30000000
2015-03-17 12:49:56,737 - Temperature_FF_Bed       : 19.50000000
2015-03-17 12:50:00,168 - Temperature_GF_Corridor  : 20.90000000
2015-03-17 12:50:00,170 - Temperature_GF_Toilet    : 17.70000000
2015-03-17 12:50:00,172 - Temperature_GF_Living    : 19.10000000
2015-03-17 12:50:00,174 - Temperature_GF_Kitchen   : 22.00000000
2015-03-17 12:50:00,176 - Temperature_FF_Bath      : 21.00000000
2015-03-17 12:50:00,178 - Temperature_FF_Office    : 20.70000000
2015-03-17 12:50:00,180 - Temperature_FF_Child     : 19.80000000
2015-03-17 12:50:00,182 - Temperature_FF_Bed       : 22.50000000
2015-03-17 12:50:07,055 - Temperature_GF_Corridor  : 22.10000000
2015-03-17 12:50:07,058 - Temperature_GF_Toilet    : 21.90000000
2015-03-17 12:50:07,060 - Temperature_GF_Living    : 21.00000000
2015-03-17 12:50:07,062 - Temperature_GF_Kitchen   : 20.90000000
2015-03-17 12:50:07,064 - Temperature_FF_Bath      : 21.40000000
2015-03-17 12:50:07,066 - Temperature_FF_Office    : 22.20000000
2015-03-17 12:50:07,068 - Temperature_FF_Child     : 22.20000000
2015-03-17 12:50:07,070 - Temperature_FF_Bed       : 20.40000000
2015-03-17 12:50:17,365 - Temperature_GF_Corridor  : 21.90000000
2015-03-17 12:50:17,368 - Temperature_GF_Toilet    : 20.20000000
2015-03-17 12:50:17,370 - Temperature_GF_Living    : 18.90000000
2015-03-17 12:50:17,372 - Temperature_GF_Kitchen   : 21.30000000
2015-03-17 12:50:17,374 - Temperature_FF_Bath      : 20.50000000
2015-03-17 12:50:17,376 - Temperature_FF_Office    : 18.90000000
2015-03-17 12:50:17,378 - Temperature_FF_Child     : 18.00000000
2015-03-17 12:50:17,385 - Temperature_FF_Bed       : 22.40000000
2015-03-17 12:50:27,847 - Temperature_GF_Corridor  : 20.80000000
2015-03-17 12:50:27,850 - Temperature_GF_Toilet    : 19.90000000
2015-03-17 12:50:27,851 - Temperature_GF_Living    : 19.00000000
2015-03-17 12:50:27,853 - Temperature_GF_Kitchen   : 22.20000000
2015-03-17 12:50:27,855 - Temperature_FF_Bath      : 21.60000000
2015-03-17 12:50:27,856 - Temperature_FF_Office    : 20.00000000
2015-03-17 12:50:27,858 - Temperature_FF_Child     : 19.40000000
2015-03-17 12:50:27,860 - Temperature_FF_Bed       : 18.20000000
2015-03-17 12:50:38,627 - Temperature_GF_Corridor  : 20.40000000
2015-03-17 12:50:38,632 - Temperature_GF_Toilet    : 20.60000000
2015-03-17 12:50:38,635 - Temperature_GF_Living    : 22.40000000
2015-03-17 12:50:38,639 - Temperature_GF_Kitchen   : 18.20000000
2015-03-17 12:50:38,643 - Temperature_FF_Bath      : 20.20000000
2015-03-17 12:50:38,646 - Temperature_FF_Office    : 20.10000000
2015-03-17 12:50:38,649 - Temperature_FF_Child     : 18.90000000
2015-03-17 12:50:38,651 - Temperature_FF_Bed       : 20.40000000
2015-03-17 12:50:49,003 - Temperature_GF_Corridor  : 18.30000000
2015-03-17 12:50:49,005 - Temperature_GF_Toilet    : 21.70000000
2015-03-17 12:50:49,008 - Temperature_GF_Living    : 21.80000000
2015-03-17 12:50:49,010 - Temperature_GF_Kitchen   : 22.20000000
2015-03-17 12:50:49,011 - Temperature_FF_Bath      : 20.40000000
2015-03-17 12:50:49,013 - Temperature_FF_Office    : 19.00000000
2015-03-17 12:50:49,014 - Temperature_FF_Child     : 20.00000000
2015-03-17 12:50:49,015 - Temperature_FF_Bed       : 21.90000000
2015-03-17 12:50:59,606 - Temperature_GF_Corridor  : 19.80000000
2015-03-17 12:50:59,608 - Temperature_GF_Toilet    : 20.80000000
2015-03-17 12:50:59,611 - Temperature_GF_Living    : 21.20000000
2015-03-17 12:50:59,613 - Temperature_GF_Kitchen   : 20.40000000
2015-03-17 12:50:59,614 - Temperature_FF_Bath      : 21.50000000
2015-03-17 12:50:59,616 - Temperature_FF_Office    : 19.90000000
2015-03-17 12:50:59,617 - Temperature_FF_Child     : 18.60000000
2015-03-17 12:50:59,619 - Temperature_FF_Bed       : 20.60000000
2015-03-17 12:51:09,824 - Temperature_GF_Corridor  : 18.20000000
2015-03-17 12:51:09,830 - Temperature_GF_Toilet    : 17.60000000
2015-03-17 12:51:09,835 - Temperature_GF_Living    : 21.60000000
2015-03-17 12:51:09,839 - Temperature_GF_Kitchen   : 21.80000000
2015-03-17 12:51:09,845 - Temperature_FF_Bath      : 19.10000000
2015-03-17 12:51:09,849 - Temperature_FF_Office    : 20.30000000
2015-03-17 12:51:09,853 - Temperature_FF_Child     : 21.40000000
2015-03-17 12:51:09,857 - Temperature_FF_Bed       : 18.10000000
2015-03-17 12:51:20,174 - Temperature_GF_Corridor  : 22.10000000
2015-03-17 12:51:20,176 - Temperature_GF_Toilet    : 19.80000000
2015-03-17 12:51:20,178 - Temperature_GF_Living    : 17.90000000
2015-03-17 12:51:20,179 - Temperature_GF_Kitchen   : 19.00000000
2015-03-17 12:51:20,181 - Temperature_FF_Bath      : 18.70000000
2015-03-17 12:51:20,183 - Temperature_FF_Office    : 22.20000000
2015-03-17 12:51:20,193 - Temperature_FF_Child     : 18.20000000
2015-03-17 12:51:20,197 - Temperature_FF_Bed       : 17.80000000
2015-03-17 12:51:30,620 - Temperature_GF_Corridor  : 17.60000000
2015-03-17 12:51:30,624 - Temperature_GF_Toilet    : 20.50000000
2015-03-17 12:51:30,628 - Temperature_GF_Living    : 20.70000000
2015-03-17 12:51:30,631 - Temperature_GF_Kitchen   : 21.40000000
2015-03-17 12:51:30,635 - Temperature_FF_Bath      : 21.60000000
2015-03-17 12:51:30,638 - Temperature_FF_Office    : 18.70000000
2015-03-17 12:51:30,640 - Temperature_FF_Child     : 21.00000000
2015-03-17 12:51:30,642 - Temperature_FF_Bed       : 20.70000000
2015-03-17 12:51:41,205 - Temperature_GF_Corridor  : 21.20000000
2015-03-17 12:51:41,206 - Temperature_GF_Toilet    : 20.10000000
2015-03-17 12:51:41,207 - Temperature_GF_Living    : 19.50000000
2015-03-17 12:51:41,209 - Temperature_GF_Kitchen   : 21.70000000
2015-03-17 12:51:41,210 - Temperature_FF_Bath      : 18.00000000
2015-03-17 12:51:41,211 - Temperature_FF_Office    : 20.00000000
2015-03-17 12:51:41,212 - Temperature_FF_Child     : 19.10000000
2015-03-17 12:51:41,213 - Temperature_FF_Bed       : 17.80000000
2015-03-17 12:51:51,791 - Temperature_GF_Corridor  : 18.30000000
2015-03-17 12:51:51,793 - Temperature_GF_Toilet    : 20.00000000
2015-03-17 12:51:51,794 - Temperature_GF_Living    : 22.00000000
2015-03-17 12:51:51,795 - Temperature_GF_Kitchen   : 19.30000000
2015-03-17 12:51:51,796 - Temperature_FF_Bath      : 20.00000000
2015-03-17 12:51:51,797 - Temperature_FF_Office    : 22.20000000
2015-03-17 12:51:51,798 - Temperature_FF_Child     : 18.80000000
2015-03-17 12:51:51,800 - Temperature_FF_Bed       : 19.80000000
2015-03-17 12:52:02,210 - Temperature_GF_Corridor  : 19.60000000
2015-03-17 12:52:02,211 - Temperature_GF_Toilet    : 20.10000000
2015-03-17 12:52:02,212 - Temperature_GF_Living    : 20.40000000
2015-03-17 12:52:02,213 - Temperature_GF_Kitchen   : 18.60000000
2015-03-17 12:52:02,214 - Temperature_FF_Bath      : 22.30000000
2015-03-17 12:52:02,216 - Temperature_FF_Child     : 21.50000000
2015-03-17 12:52:02,217 - Temperature_FF_Bed       : 17.90000000
2015-03-17 12:52:12,291 - Temperature_GF_Corridor  : 19.40000000
2015-03-17 12:52:12,294 - Temperature_GF_Toilet    : 19.70000000
2015-03-17 12:52:12,297 - Temperature_GF_Kitchen   : 22.40000000
2015-03-17 12:52:12,300 - Temperature_FF_Bath      : 22.40000000
2015-03-17 12:52:12,302 - Temperature_FF_Office    : 17.70000000
2015-03-17 12:52:12,304 - Temperature_FF_Child     : 19.90000000
2015-03-17 12:52:12,307 - Temperature_FF_Bed       : 21.50000000
2015-03-17 12:52:22,897 - Temperature_GF_Corridor  : 22.30000000
2015-03-17 12:52:22,898 - Temperature_GF_Toilet    : 21.70000000
2015-03-17 12:52:22,900 - Temperature_GF_Living    : 17.80000000
2015-03-17 12:52:22,902 - Temperature_GF_Kitchen   : 18.80000000
2015-03-17 12:52:22,903 - Temperature_FF_Bath      : 21.60000000
2015-03-17 12:52:22,905 - Temperature_FF_Office    : 19.50000000
2015-03-17 12:52:22,906 - Temperature_FF_Child     : 20.00000000
2015-03-17 12:52:22,907 - Temperature_FF_Bed       : 20.10000000
2015-03-17 12:52:33,289 - Temperature_GF_Corridor  : 19.30000000
2015-03-17 12:52:33,290 - Temperature_GF_Toilet    : 20.80000000
2015-03-17 12:52:33,291 - Temperature_GF_Living    : 19.00000000
2015-03-17 12:52:33,292 - Temperature_GF_Kitchen   : 20.30000000
2015-03-17 12:52:33,294 - Temperature_FF_Bath      : 21.80000000
2015-03-17 12:52:33,296 - Temperature_FF_Office    : 20.00000000
2015-03-17 12:52:33,297 - Temperature_FF_Child     : 18.80000000
2015-03-17 12:52:33,298 - Temperature_FF_Bed       : 20.50000000
2015-03-17 12:52:43,723 - Temperature_GF_Corridor  : 21.60000000
2015-03-17 12:52:43,724 - Temperature_GF_Toilet    : 19.90000000
2015-03-17 12:52:43,726 - Temperature_GF_Living    : 22.40000000
2015-03-17 12:52:43,728 - Temperature_FF_Bath      : 19.00000000
2015-03-17 12:52:43,731 - Temperature_FF_Child     : 20.30000000
2015-03-17 12:52:43,732 - Temperature_FF_Bed       : 18.20000000
2015-03-17 12:52:54,044 - Temperature_GF_Corridor  : 19.00000000
2015-03-17 12:52:54,047 - Temperature_GF_Toilet    : 22.00000000
2015-03-17 12:52:54,049 - Temperature_GF_Living    : 18.30000000
2015-03-17 12:52:54,052 - Temperature_GF_Kitchen   : 21.60000000
2015-03-17 12:52:54,054 - Temperature_FF_Bath      : 21.60000000
2015-03-17 12:52:54,056 - Temperature_FF_Office    : 19.10000000
2015-03-17 12:52:54,062 - Temperature_FF_Child     : 18.80000000
2015-03-17 12:52:54,064 - Temperature_FF_Bed       : 22.40000000
2015-03-17 12:53:04,387 - Temperature_GF_Corridor  : 18.60000000
2015-03-17 12:53:04,388 - Temperature_GF_Toilet    : 17.90000000
2015-03-17 12:53:04,389 - Temperature_GF_Living    : 19.50000000
2015-03-17 12:53:04,390 - Temperature_GF_Kitchen   : 18.70000000
2015-03-17 12:53:04,391 - Temperature_FF_Bath      : 19.00000000
2015-03-17 12:53:04,392 - Temperature_FF_Office    : 22.00000000
2015-03-17 12:53:04,393 - Temperature_FF_Child     : 20.30000000
2015-03-17 12:53:04,394 - Temperature_FF_Bed       : 22.00000000
2015-03-17 12:55:00,006 - Temperature_GF_Corridor  : 17.60000000
2015-03-17 12:55:00,008 - Temperature_GF_Toilet    : 21.90000000
2015-03-17 12:55:00,010 - Temperature_GF_Living    : 19.30000000
2015-03-17 12:55:00,011 - Temperature_GF_Kitchen   : 21.70000000
2015-03-17 12:55:00,013 - Temperature_FF_Bath      : 17.90000000
2015-03-17 12:55:00,016 - Temperature_FF_Office    : 18.40000000
2015-03-17 12:55:00,017 - Temperature_FF_Child     : 21.50000000
2015-03-17 12:55:00,019 - Temperature_FF_Bed       : 19.40000000
2015-03-17 13:00:00,003 - Temperature_GF_Corridor  : 18.50000000
2015-03-17 13:00:00,004 - Temperature_GF_Toilet    : 19.10000000
2015-03-17 13:00:00,005 - Temperature_GF_Living    : 19.70000000
2015-03-17 13:00:00,005 - Temperature_GF_Kitchen   : 20.50000000
2015-03-17 13:00:00,006 - Temperature_FF_Bath      : 20.30000000
2015-03-17 13:00:00,007 - Temperature_FF_Office    : 22.40000000
2015-03-17 13:00:00,008 - Temperature_FF_Child     : 21.70000000
2015-03-17 13:00:00,010 - Temperature_FF_Bed       : 20.50000000
2015-03-17 13:05:00,003 - Temperature_GF_Corridor  : 20.60000000
2015-03-17 13:05:00,004 - Temperature_GF_Toilet    : 21.50000000
2015-03-17 13:05:00,005 - Temperature_GF_Living    : 20.30000000
2015-03-17 13:05:00,006 - Temperature_GF_Kitchen   : 19.60000000
2015-03-17 13:05:00,007 - Temperature_FF_Bath      : 22.30000000
2015-03-17 13:05:00,007 - Temperature_FF_Office    : 18.00000000
2015-03-17 13:05:00,008 - Temperature_FF_Child     : 22.20000000
2015-03-17 13:05:00,009 - Temperature_FF_Bed       : 21.80000000
2015-03-17 13:08:30,028 - Temperature_GF_Corridor  : 21.60000000
2015-03-17 13:08:30,033 - Temperature_GF_Toilet    : 18.40000000
2015-03-17 13:08:30,037 - Temperature_GF_Living    : 19.00000000
2015-03-17 13:08:30,042 - Temperature_GF_Kitchen   : 19.20000000
2015-03-17 13:08:30,048 - Temperature_FF_Bath      : 17.80000000
2015-03-17 13:08:30,052 - Temperature_FF_Office    : 19.30000000
2015-03-17 13:08:30,057 - Temperature_FF_Child     : 20.20000000
2015-03-17 13:08:30,061 - Temperature_FF_Bed       : 22.10000000
2015-03-17 13:10:00,108 - Temperature_GF_Corridor  : 21.40000000
2015-03-17 13:10:00,114 - Temperature_GF_Toilet    : 18.30000000
2015-03-17 13:10:00,119 - Temperature_GF_Living    : 19.80000000
2015-03-17 13:10:00,124 - Temperature_GF_Kitchen   : 20.40000000
2015-03-17 13:10:00,129 - Temperature_FF_Bath      : 18.60000000
2015-03-17 13:10:00,134 - Temperature_FF_Office    : 19.70000000
2015-03-17 13:10:00,139 - Temperature_FF_Child     : 20.00000000
2015-03-17 13:10:00,145 - Temperature_FF_Bed       : 21.50000000
2015-03-17 13:15:00,113 - Temperature_GF_Corridor  : 21.20000000
2015-03-17 13:15:00,120 - Temperature_GF_Toilet    : 17.90000000
2015-03-17 13:15:00,125 - Temperature_GF_Living    : 22.10000000
2015-03-17 13:15:00,129 - Temperature_GF_Kitchen   : 22.50000000
2015-03-17 13:15:00,132 - Temperature_FF_Bath      : 20.10000000
2015-03-17 13:15:00,135 - Temperature_FF_Office    : 19.40000000
2015-03-17 13:15:00,139 - Temperature_FF_Child     : 19.40000000
2015-03-17 13:15:00,143 - Temperature_FF_Bed       : 17.90000000
2015-03-17 13:19:52,317 - Temperature_GF_Corridor  : 20.60000000
2015-03-17 13:19:52,323 - Temperature_GF_Toilet    : 17.80000000
2015-03-17 13:19:52,329 - Temperature_GF_Living    : 18.10000000
2015-03-17 13:19:52,335 - Temperature_GF_Kitchen   : 19.40000000
2015-03-17 13:19:52,341 - Temperature_FF_Bath      : 19.20000000
2015-03-17 13:19:52,346 - Temperature_FF_Office    : 22.30000000
2015-03-17 13:19:52,350 - Temperature_FF_Child     : 21.70000000
2015-03-17 13:19:52,355 - Temperature_FF_Bed       : 22.50000000
2015-03-17 13:20:00,488 - Temperature_GF_Corridor  : 20.40000000
2015-03-17 13:20:00,492 - Temperature_GF_Toilet    : 21.00000000
2015-03-17 13:20:00,495 - Temperature_GF_Living    : 18.20000000
2015-03-17 13:20:00,499 - Temperature_GF_Kitchen   : 21.80000000
2015-03-17 13:20:00,503 - Temperature_FF_Bath      : 18.80000000
2015-03-17 13:20:00,507 - Temperature_FF_Office    : 19.00000000
2015-03-17 13:20:00,510 - Temperature_FF_Child     : 19.20000000
2015-03-17 13:20:00,514 - Temperature_FF_Bed       : 19.10000000
2015-03-17 14:10:35,494 - Temperature_GF_Corridor  : 18.80000000
2015-03-17 14:10:35,499 - Temperature_GF_Toilet    : 18.80000000
2015-03-17 14:10:35,504 - Temperature_GF_Living    : 20.70000000
2015-03-17 14:10:35,508 - Temperature_GF_Kitchen   : 20.20000000
2015-03-17 14:10:35,512 - Temperature_FF_Bath      : 20.10000000
2015-03-17 14:10:35,517 - Temperature_FF_Office    : 21.40000000
2015-03-17 14:10:35,524 - Temperature_FF_Child     : 20.30000000
2015-03-17 14:10:35,530 - Temperature_FF_Bed       : 19.80000000
2015-03-17 14:10:46,287 - Temperature_GF_Corridor  : 18.00000000
2015-03-17 14:10:46,291 - Temperature_GF_Toilet    : 18.50000000
2015-03-17 14:10:46,295 - Temperature_GF_Living    : 22.00000000
2015-03-17 14:10:46,299 - Temperature_GF_Kitchen   : 22.30000000
2015-03-17 14:10:46,302 - Temperature_FF_Bath      : 20.20000000
2015-03-17 14:10:46,306 - Temperature_FF_Office    : 19.20000000
2015-03-17 14:10:46,309 - Temperature_FF_Child     : 20.90000000
2015-03-17 14:10:46,313 - Temperature_FF_Bed       : 17.90000000
2015-03-17 14:10:56,803 - Temperature_GF_Corridor  : 21.80000000
2015-03-17 14:10:56,807 - Temperature_GF_Toilet    : 22.10000000
2015-03-17 14:10:56,810 - Temperature_GF_Living    : 22.50000000
2015-03-17 14:10:56,814 - Temperature_GF_Kitchen   : 20.10000000
2015-03-17 14:10:56,821 - Temperature_FF_Bath      : 20.50000000
2015-03-17 14:10:56,825 - Temperature_FF_Office    : 19.90000000
2015-03-17 14:10:56,828 - Temperature_FF_Child     : 20.50000000
2015-03-17 14:10:56,832 - Temperature_FF_Bed       : 19.70000000
2015-03-17 14:11:07,163 - Temperature_GF_Corridor  : 21.90000000
2015-03-17 14:11:07,166 - Temperature_GF_Toilet    : 17.70000000
2015-03-17 14:11:07,170 - Temperature_GF_Living    : 20.00000000
2015-03-17 14:11:07,173 - Temperature_GF_Kitchen   : 21.10000000
2015-03-17 14:11:07,176 - Temperature_FF_Bath      : 20.40000000
2015-03-17 14:11:07,180 - Temperature_FF_Office    : 20.30000000
2015-03-17 14:11:07,183 - Temperature_FF_Child     : 21.60000000
2015-03-17 14:11:07,186 - Temperature_FF_Bed       : 18.30000000
2015-03-17 14:11:17,551 - Temperature_GF_Corridor  : 22.50000000
2015-03-17 14:11:17,554 - Temperature_GF_Toilet    : 22.00000000
2015-03-17 14:11:17,556 - Temperature_GF_Living    : 19.20000000
2015-03-17 14:11:17,558 - Temperature_GF_Kitchen   : 21.60000000
2015-03-17 14:11:17,561 - Temperature_FF_Bath      : 18.90000000
2015-03-17 14:11:17,563 - Temperature_FF_Office    : 19.30000000
2015-03-17 14:11:17,565 - Temperature_FF_Child     : 22.00000000
2015-03-17 14:11:17,567 - Temperature_FF_Bed       : 19.20000000
2015-03-17 14:11:28,009 - Temperature_GF_Corridor  : 18.50000000
2015-03-17 14:11:28,010 - Temperature_GF_Toilet    : 20.50000000
2015-03-17 14:11:28,012 - Temperature_GF_Living    : 19.80000000
2015-03-17 14:11:28,014 - Temperature_GF_Kitchen   : 18.90000000
2015-03-17 14:11:28,016 - Temperature_FF_Bath      : 18.10000000
2015-03-17 14:11:28,017 - Temperature_FF_Office    : 20.00000000
2015-03-17 14:11:28,019 - Temperature_FF_Child     : 21.50000000
2015-03-17 14:11:28,021 - Temperature_FF_Bed       : 21.80000000
2015-03-17 14:11:38,275 - Temperature_GF_Corridor  : 17.60000000
2015-03-17 14:11:38,277 - Temperature_GF_Toilet    : 21.10000000
2015-03-17 14:11:38,279 - Temperature_GF_Living    : 18.60000000
2015-03-17 14:11:38,280 - Temperature_GF_Kitchen   : 20.30000000
2015-03-17 14:11:38,282 - Temperature_FF_Bath      : 19.50000000
2015-03-17 14:11:38,284 - Temperature_FF_Office    : 18.30000000
2015-03-17 14:11:38,285 - Temperature_FF_Child     : 17.80000000
2015-03-17 14:11:38,287 - Temperature_FF_Bed       : 18.50000000
2015-03-17 14:11:48,579 - Temperature_GF_Corridor  : 21.40000000
2015-03-17 14:11:48,581 - Temperature_GF_Toilet    : 22.30000000
2015-03-17 14:11:48,585 - Temperature_GF_Living    : 20.80000000
2015-03-17 14:11:48,587 - Temperature_GF_Kitchen   : 20.50000000
2015-03-17 14:11:48,590 - Temperature_FF_Bath      : 18.30000000
2015-03-17 14:11:48,592 - Temperature_FF_Office    : 20.70000000
2015-03-17 14:11:48,594 - Temperature_FF_Child     : 21.60000000
2015-03-17 14:11:48,596 - Temperature_FF_Bed       : 22.20000000
2015-03-17 14:11:58,914 - Temperature_GF_Corridor  : 21.70000000
2015-03-17 14:11:58,917 - Temperature_GF_Toilet    : 20.10000000
2015-03-17 14:11:58,919 - Temperature_GF_Living    : 19.40000000
2015-03-17 14:11:58,922 - Temperature_GF_Kitchen   : 19.70000000
2015-03-17 14:11:58,924 - Temperature_FF_Bath      : 20.10000000
2015-03-17 14:11:58,926 - Temperature_FF_Office    : 22.50000000
2015-03-17 14:11:58,928 - Temperature_FF_Child     : 19.00000000
2015-03-17 14:11:58,930 - Temperature_FF_Bed       : 18.60000000
2015-03-17 14:12:09,196 - Temperature_GF_Corridor  : 19.50000000
2015-03-17 14:12:09,198 - Temperature_GF_Toilet    : 18.80000000
2015-03-17 14:12:09,200 - Temperature_GF_Living    : 18.20000000
2015-03-17 14:12:09,201 - Temperature_GF_Kitchen   : 22.50000000
2015-03-17 14:12:09,203 - Temperature_FF_Bath      : 18.30000000
2015-03-17 14:12:09,205 - Temperature_FF_Office    : 19.80000000
2015-03-17 14:12:09,207 - Temperature_FF_Child     : 22.50000000
2015-03-17 14:12:09,210 - Temperature_FF_Bed       : 20.20000000
2015-03-17 14:12:19,533 - Temperature_GF_Corridor  : 22.50000000
2015-03-17 14:12:19,539 - Temperature_GF_Toilet    : 21.70000000
2015-03-17 14:12:19,541 - Temperature_GF_Living    : 21.80000000
2015-03-17 14:12:19,543 - Temperature_GF_Kitchen   : 22.10000000
2015-03-17 14:12:19,545 - Temperature_FF_Bath      : 19.50000000
2015-03-17 14:12:19,548 - Temperature_FF_Child     : 18.50000000
2015-03-17 14:12:19,550 - Temperature_FF_Bed       : 22.20000000
2015-03-17 14:12:29,973 - Temperature_GF_Corridor  : 22.30000000
2015-03-17 14:12:29,974 - Temperature_GF_Toilet    : 19.70000000
2015-03-17 14:12:29,975 - Temperature_GF_Living    : 21.20000000
2015-03-17 14:12:29,976 - Temperature_GF_Kitchen   : 19.20000000
2015-03-17 14:12:29,977 - Temperature_FF_Bath      : 22.00000000
2015-03-17 14:12:29,978 - Temperature_FF_Office    : 20.20000000
2015-03-17 14:12:29,979 - Temperature_FF_Child     : 20.60000000
2015-03-17 14:12:29,980 - Temperature_FF_Bed       : 21.50000000
2015-03-17 14:12:40,291 - Temperature_GF_Corridor  : 21.20000000
2015-03-17 14:12:40,292 - Temperature_GF_Toilet    : 20.00000000
2015-03-17 14:12:40,293 - Temperature_GF_Living    : 22.00000000
2015-03-17 14:12:40,294 - Temperature_GF_Kitchen   : 19.80000000
2015-03-17 14:12:40,295 - Temperature_FF_Bath      : 21.50000000
2015-03-17 14:12:40,296 - Temperature_FF_Office    : 20.00000000
2015-03-17 14:12:40,297 - Temperature_FF_Child     : 20.20000000
2015-03-17 14:12:40,298 - Temperature_FF_Bed       : 22.30000000
2015-03-17 14:12:50,577 - Temperature_GF_Corridor  : 20.10000000
2015-03-17 14:12:50,580 - Temperature_GF_Toilet    : 21.30000000
2015-03-17 14:12:50,582 - Temperature_GF_Living    : 19.10000000
2015-03-17 14:12:50,584 - Temperature_GF_Kitchen   : 18.30000000
2015-03-17 14:12:50,587 - Temperature_FF_Bath      : 20.80000000
2015-03-17 14:12:50,590 - Temperature_FF_Child     : 21.90000000
2015-03-17 14:12:50,592 - Temperature_FF_Bed       : 20.80000000
2015-03-17 14:13:00,979 - Temperature_GF_Toilet    : 20.20000000
2015-03-17 14:13:00,981 - Temperature_GF_Living    : 21.90000000
2015-03-17 14:13:00,983 - Temperature_GF_Kitchen   : 18.00000000
2015-03-17 14:13:00,985 - Temperature_FF_Bath      : 21.60000000
2015-03-17 14:13:00,986 - Temperature_FF_Office    : 22.40000000
2015-03-17 14:13:00,988 - Temperature_FF_Child     : 19.30000000
2015-03-17 14:13:00,990 - Temperature_FF_Bed       : 22.30000000
2015-03-17 14:13:11,076 - Temperature_GF_Corridor  : 19.10000000
2015-03-17 14:13:11,077 - Temperature_GF_Toilet    : 20.10000000
2015-03-17 14:13:11,078 - Temperature_GF_Living    : 17.60000000
2015-03-17 14:13:11,079 - Temperature_GF_Kitchen   : 19.50000000
2015-03-17 14:13:11,080 - Temperature_FF_Bath      : 20.40000000
2015-03-17 14:13:11,081 - Temperature_FF_Office    : 18.90000000
2015-03-17 14:13:11,082 - Temperature_FF_Child     : 21.00000000
2015-03-17 14:13:11,083 - Temperature_FF_Bed       : 20.90000000
2015-03-17 14:15:00,012 - Temperature_GF_Corridor  : 17.80000000
2015-03-17 14:15:00,017 - Temperature_GF_Toilet    : 18.90000000
2015-03-17 14:15:00,022 - Temperature_GF_Living    : 20.20000000
2015-03-17 14:15:00,026 - Temperature_GF_Kitchen   : 20.00000000
2015-03-17 14:15:00,029 - Temperature_FF_Bath      : 18.00000000
2015-03-17 14:15:00,032 - Temperature_FF_Office    : 21.50000000
2015-03-17 14:15:00,034 - Temperature_FF_Child     : 19.80000000
2015-03-17 14:15:00,037 - Temperature_FF_Bed       : 22.50000000
2015-03-17 14:20:00,011 - Temperature_GF_Corridor  : 21.00000000
2015-03-17 14:20:00,015 - Temperature_GF_Toilet    : 22.40000000
2015-03-17 14:20:00,019 - Temperature_GF_Living    : 18.90000000
2015-03-17 14:20:00,022 - Temperature_GF_Kitchen   : 21.90000000
2015-03-17 14:20:00,024 - Temperature_FF_Bath      : 18.80000000
2015-03-17 14:20:00,026 - Temperature_FF_Office    : 20.60000000
2015-03-17 14:20:00,028 - Temperature_FF_Child     : 18.70000000
2015-03-17 14:20:00,030 - Temperature_FF_Bed       : 19.10000000
2015-03-17 14:25:00,013 - Temperature_GF_Corridor  : 20.20000000
2015-03-17 14:25:00,018 - Temperature_GF_Toilet    : 21.00000000
2015-03-17 14:25:00,022 - Temperature_GF_Living    : 19.10000000
2015-03-17 14:25:00,025 - Temperature_GF_Kitchen   : 18.30000000
2015-03-17 14:25:00,028 - Temperature_FF_Bath      : 22.10000000
2015-03-17 14:25:00,030 - Temperature_FF_Office    : 18.40000000
2015-03-17 14:25:00,033 - Temperature_FF_Child     : 20.10000000
2015-03-17 14:25:00,035 - Temperature_FF_Bed       : 20.80000000
2015-03-17 14:30:00,012 - Temperature_GF_Corridor  : 19.20000000
2015-03-17 14:30:00,015 - Temperature_GF_Toilet    : 21.20000000
2015-03-17 14:30:00,018 - Temperature_GF_Living    : 18.90000000
2015-03-17 14:30:00,021 - Temperature_GF_Kitchen   : 19.30000000
2015-03-17 14:30:00,024 - Temperature_FF_Bath      : 19.20000000
2015-03-17 14:30:00,027 - Temperature_FF_Office    : 21.60000000
2015-03-17 14:30:00,030 - Temperature_FF_Child     : 21.90000000
2015-03-17 14:30:00,032 - Temperature_FF_Bed       : 20.20000000
2015-03-17 14:35:00,009 - Temperature_GF_Corridor  : 21.00000000
2015-03-17 14:35:00,012 - Temperature_GF_Toilet    : 21.10000000
2015-03-17 14:35:00,014 - Temperature_GF_Living    : 21.70000000
2015-03-17 14:35:00,016 - Temperature_GF_Kitchen   : 20.40000000
2015-03-17 14:35:00,018 - Temperature_FF_Bath      : 21.40000000
2015-03-17 14:35:00,020 - Temperature_FF_Office    : 21.70000000
2015-03-17 14:35:00,021 - Temperature_FF_Child     : 18.80000000
2015-03-17 14:35:00,022 - Temperature_FF_Bed       : 19.90000000
2015-03-17 14:40:00,003 - Temperature_GF_Corridor  : 18.20000000
2015-03-17 14:40:00,005 - Temperature_GF_Toilet    : 18.90000000
2015-03-17 14:40:00,006 - Temperature_GF_Living    : 17.70000000
2015-03-17 14:40:00,007 - Temperature_GF_Kitchen   : 20.60000000
2015-03-17 14:40:00,008 - Temperature_FF_Bath      : 19.40000000
2015-03-17 14:40:00,009 - Temperature_FF_Office    : 18.10000000
2015-03-17 14:40:00,010 - Temperature_FF_Child     : 20.00000000
2015-03-17 14:40:00,011 - Temperature_FF_Bed       : 18.50000000
2015-03-17 14:45:00,011 - Temperature_GF_Corridor  : 21.90000000
2015-03-17 14:45:00,015 - Temperature_GF_Toilet    : 22.50000000
2015-03-17 14:45:00,019 - Temperature_GF_Living    : 18.50000000
2015-03-17 14:45:00,022 - Temperature_GF_Kitchen   : 19.50000000
2015-03-17 14:45:00,024 - Temperature_FF_Bath      : 20.70000000
2015-03-17 14:45:00,026 - Temperature_FF_Office    : 18.00000000
2015-03-17 14:45:00,028 - Temperature_FF_Child     : 21.80000000
2015-03-17 14:45:00,030 - Temperature_FF_Bed       : 22.10000000
2015-03-17 14:50:00,007 - Temperature_GF_Corridor  : 20.20000000
2015-03-17 14:50:00,009 - Temperature_GF_Toilet    : 21.90000000
2015-03-17 14:50:00,012 - Temperature_GF_Living    : 18.00000000
2015-03-17 14:50:00,014 - Temperature_GF_Kitchen   : 17.80000000
2015-03-17 14:50:00,015 - Temperature_FF_Bath      : 19.00000000
2015-03-17 14:50:00,017 - Temperature_FF_Office    : 21.60000000
2015-03-17 14:50:00,019 - Temperature_FF_Child     : 20.50000000
2015-03-17 14:50:00,020 - Temperature_FF_Bed       : 18.20000000
2015-03-17 14:55:00,004 - Temperature_GF_Corridor  : 18.60000000
2015-03-17 14:55:00,006 - Temperature_GF_Toilet    : 18.60000000
2015-03-17 14:55:00,007 - Temperature_GF_Living    : 21.80000000
2015-03-17 14:55:00,009 - Temperature_GF_Kitchen   : 21.00000000
2015-03-17 14:55:00,010 - Temperature_FF_Bath      : 20.20000000
2015-03-17 14:55:00,012 - Temperature_FF_Office    : 20.80000000
2015-03-17 14:55:00,013 - Temperature_FF_Child     : 19.20000000
2015-03-17 14:55:00,015 - Temperature_FF_Bed       : 18.80000000
2015-03-17 15:01:42,054 - Temperature_GF_Corridor  : 18.40000000
2015-03-17 15:01:42,056 - Temperature_GF_Toilet    : 19.40000000
2015-03-17 15:01:42,058 - Temperature_GF_Living    : 20.10000000
2015-03-17 15:01:42,059 - Temperature_GF_Kitchen   : 17.90000000
2015-03-17 15:01:42,060 - Temperature_FF_Bath      : 20.10000000
2015-03-17 15:01:42,061 - Temperature_FF_Office    : 22.30000000
2015-03-17 15:01:42,062 - Temperature_FF_Child     : 22.10000000
2015-03-17 15:01:42,063 - Temperature_FF_Bed       : 17.70000000
2015-03-17 15:05:00,011 - Temperature_GF_Corridor  : 21.40000000
2015-03-17 15:05:00,016 - Temperature_GF_Toilet    : 19.50000000
2015-03-17 15:05:00,021 - Temperature_GF_Living    : 18.80000000
2015-03-17 15:05:00,024 - Temperature_GF_Kitchen   : 18.70000000
2015-03-17 15:05:00,027 - Temperature_FF_Bath      : 21.50000000
2015-03-17 15:05:00,031 - Temperature_FF_Child     : 21.20000000
2015-03-17 15:05:00,034 - Temperature_FF_Bed       : 18.00000000
2015-03-17 15:10:00,012 - Temperature_GF_Corridor  : 19.00000000
2015-03-17 15:10:00,017 - Temperature_GF_Toilet    : 20.60000000
2015-03-17 15:10:00,021 - Temperature_GF_Living    : 19.60000000
2015-03-17 15:10:00,024 - Temperature_GF_Kitchen   : 21.30000000
2015-03-17 15:10:00,027 - Temperature_FF_Bath      : 19.70000000
2015-03-17 15:10:00,029 - Temperature_FF_Office    : 21.70000000
2015-03-17 15:10:00,032 - Temperature_FF_Child     : 18.80000000
2015-03-17 15:10:00,035 - Temperature_FF_Bed       : 22.00000000
2015-03-17 16:54:30,229 - Temperature_GF_Corridor  : 22.40000000
2015-03-17 16:54:30,230 - Temperature_GF_Toilet    : 19.10000000
2015-03-17 16:54:30,232 - Temperature_GF_Living    : 22.00000000
2015-03-17 16:54:30,233 - Temperature_GF_Kitchen   : 21.00000000
2015-03-17 16:54:30,233 - Temperature_FF_Bath      : 18.10000000
2015-03-17 16:54:30,234 - Temperature_FF_Office    : 18.90000000
2015-03-17 16:54:30,235 - Temperature_FF_Child     : 20.30000000
2015-03-17 16:54:30,236 - Temperature_FF_Bed       : 22.20000000
2015-03-17 16:55:00,010 - Temperature_GF_Corridor  : 20.70000000
2015-03-17 16:55:00,013 - Temperature_GF_Toilet    : 20.80000000
2015-03-17 16:55:00,016 - Temperature_GF_Living    : 20.10000000
2015-03-17 16:55:00,019 - Temperature_GF_Kitchen   : 19.80000000
2015-03-17 16:55:00,021 - Temperature_FF_Bath      : 21.50000000
2015-03-17 16:55:00,024 - Temperature_FF_Office    : 21.40000000
2015-03-17 16:55:00,026 - Temperature_FF_Child     : 22.50000000
2015-03-17 16:55:00,028 - Temperature_FF_Bed       : 18.70000000
2015-03-21 15:40:47,884 - Temperature_GF_Corridor  : 20.60000000
2015-03-21 15:40:47,909 - Temperature_GF_Toilet    : 17.60000000
2015-03-21 15:40:47,915 - Temperature_GF_Living    : 18.20000000
2015-03-21 15:40:47,920 - Temperature_GF_Kitchen   : 20.40000000
2015-03-21 15:40:47,926 - Temperature_FF_Bath      : 17.70000000
2015-03-21 15:40:47,932 - Temperature_FF_Office    : 18.00000000
2015-03-21 15:40:47,937 - Temperature_FF_Child     : 17.80000000
2015-03-21 15:40:47,942 - Temperature_FF_Bed       : 19.20000000
2015-03-21 15:40:58,680 - Temperature_GF_Corridor  : 21.00000000
2015-03-21 15:40:58,684 - Temperature_GF_Toilet    : 22.00000000
2015-03-21 15:40:58,689 - Temperature_GF_Living    : 18.60000000
2015-03-21 15:40:58,693 - Temperature_GF_Kitchen   : 21.30000000
2015-03-21 15:40:58,744 - Temperature_FF_Bath      : 19.80000000
2015-03-21 15:40:58,750 - Temperature_FF_Office    : 22.50000000
2015-03-21 15:40:58,755 - Temperature_FF_Child     : 18.70000000
2015-03-21 15:40:58,767 - Temperature_FF_Bed       : 18.40000000
2015-03-21 15:41:09,262 - Temperature_GF_Corridor  : 21.70000000
2015-03-21 15:41:09,268 - Temperature_GF_Toilet    : 21.80000000
2015-03-21 15:41:09,273 - Temperature_GF_Living    : 19.70000000
2015-03-21 15:41:09,279 - Temperature_GF_Kitchen   : 19.00000000
2015-03-21 15:41:09,288 - Temperature_FF_Bath      : 18.30000000
2015-03-21 15:41:09,294 - Temperature_FF_Office    : 19.30000000
2015-03-21 15:41:09,299 - Temperature_FF_Child     : 22.40000000
2015-03-21 15:41:09,303 - Temperature_FF_Bed       : 20.70000000
2015-03-21 15:41:19,736 - Temperature_GF_Corridor  : 20.70000000
2015-03-21 15:41:19,739 - Temperature_GF_Toilet    : 21.00000000
2015-03-21 15:41:19,742 - Temperature_GF_Living    : 18.00000000
2015-03-21 15:41:19,746 - Temperature_GF_Kitchen   : 20.60000000
2015-03-21 15:41:19,749 - Temperature_FF_Bath      : 21.70000000
2015-03-21 15:41:19,753 - Temperature_FF_Office    : 19.00000000
2015-03-21 15:41:19,756 - Temperature_FF_Child     : 18.20000000
2015-03-21 15:41:19,759 - Temperature_FF_Bed       : 18.90000000
2015-03-21 15:41:30,073 - Temperature_GF_Corridor  : 20.60000000
2015-03-21 15:41:30,078 - Temperature_GF_Toilet    : 22.00000000
2015-03-21 15:41:30,081 - Temperature_GF_Living    : 20.80000000
2015-03-21 15:41:30,085 - Temperature_GF_Kitchen   : 18.30000000
2015-03-21 15:41:30,088 - Temperature_FF_Bath      : 17.70000000
2015-03-21 15:41:30,091 - Temperature_FF_Office    : 17.90000000
2015-03-21 15:41:30,096 - Temperature_FF_Child     : 17.90000000
2015-03-21 15:41:30,098 - Temperature_FF_Bed       : 21.20000000
2015-03-21 15:41:41,087 - Temperature_GF_Corridor  : 20.40000000
2015-03-21 15:41:41,090 - Temperature_GF_Toilet    : 21.40000000
2015-03-21 15:41:41,092 - Temperature_GF_Living    : 18.90000000
2015-03-21 15:41:41,095 - Temperature_GF_Kitchen   : 19.40000000
2015-03-21 15:41:41,108 - Temperature_FF_Bath      : 21.60000000
2015-03-21 15:41:41,111 - Temperature_FF_Office    : 18.80000000
2015-03-21 15:41:41,114 - Temperature_FF_Child     : 18.90000000
2015-03-21 15:41:41,117 - Temperature_FF_Bed       : 19.80000000
2015-03-21 15:41:51,455 - Temperature_GF_Corridor  : 21.70000000
2015-03-21 15:41:51,459 - Temperature_GF_Living    : 21.60000000
2015-03-21 15:41:51,462 - Temperature_GF_Kitchen   : 22.00000000
2015-03-21 15:41:51,465 - Temperature_FF_Bath      : 19.30000000
2015-03-21 15:41:51,468 - Temperature_FF_Office    : 19.40000000
2015-03-21 15:41:51,473 - Temperature_FF_Child     : 17.60000000
2015-03-21 15:41:51,479 - Temperature_FF_Bed       : 19.10000000
2015-03-21 15:42:01,751 - Temperature_GF_Corridor  : 21.00000000
2015-03-21 15:42:01,756 - Temperature_GF_Toilet    : 17.80000000
2015-03-21 15:42:01,761 - Temperature_GF_Living    : 18.10000000
2015-03-21 15:42:01,764 - Temperature_GF_Kitchen   : 21.90000000
2015-03-21 15:42:01,768 - Temperature_FF_Bath      : 22.20000000
2015-03-21 15:42:01,772 - Temperature_FF_Office    : 20.10000000
2015-03-21 15:42:01,775 - Temperature_FF_Child     : 18.20000000
2015-03-21 15:42:01,778 - Temperature_FF_Bed       : 18.40000000
2015-03-21 15:42:12,161 - Temperature_GF_Corridor  : 22.00000000
2015-03-21 15:42:12,164 - Temperature_GF_Toilet    : 18.60000000
2015-03-21 15:42:12,167 - Temperature_GF_Living    : 21.60000000
2015-03-21 15:42:12,169 - Temperature_GF_Kitchen   : 21.50000000
2015-03-21 15:42:12,171 - Temperature_FF_Bath      : 22.40000000
2015-03-21 15:42:12,174 - Temperature_FF_Child     : 20.10000000
2015-03-21 15:42:12,176 - Temperature_FF_Bed       : 22.30000000
2015-03-21 15:42:22,567 - Temperature_GF_Corridor  : 21.50000000
2015-03-21 15:42:22,569 - Temperature_GF_Toilet    : 22.20000000
2015-03-21 15:42:22,572 - Temperature_GF_Living    : 20.20000000
2015-03-21 15:42:22,574 - Temperature_GF_Kitchen   : 21.30000000
2015-03-21 15:42:22,579 - Temperature_FF_Bath      : 21.00000000
2015-03-21 15:42:22,581 - Temperature_FF_Office    : 17.90000000
2015-03-21 15:42:22,582 - Temperature_FF_Child     : 21.20000000
2015-03-21 15:42:22,584 - Temperature_FF_Bed       : 18.60000000
2015-03-21 15:42:32,968 - Temperature_GF_Corridor  : 17.90000000
2015-03-21 15:42:32,970 - Temperature_GF_Toilet    : 21.40000000
2015-03-21 15:42:32,972 - Temperature_GF_Living    : 21.60000000
2015-03-21 15:42:32,975 - Temperature_GF_Kitchen   : 18.90000000
2015-03-21 15:42:32,977 - Temperature_FF_Bath      : 21.50000000
2015-03-21 15:42:32,979 - Temperature_FF_Office    : 21.90000000
2015-03-21 15:42:32,982 - Temperature_FF_Child     : 17.80000000
2015-03-21 15:42:32,985 - Temperature_FF_Bed       : 19.70000000
2015-03-21 15:42:43,439 - Temperature_GF_Corridor  : 21.40000000
2015-03-21 15:42:43,443 - Temperature_GF_Toilet    : 18.80000000
2015-03-21 15:42:43,449 - Temperature_GF_Living    : 20.50000000
2015-03-21 15:42:43,451 - Temperature_GF_Kitchen   : 21.80000000
2015-03-21 15:42:43,453 - Temperature_FF_Bath      : 20.90000000
2015-03-21 15:42:43,455 - Temperature_FF_Office    : 19.20000000
2015-03-21 15:42:43,457 - Temperature_FF_Child     : 20.60000000
2015-03-21 15:42:43,459 - Temperature_FF_Bed       : 17.90000000
2015-03-21 15:42:53,604 - Temperature_GF_Corridor  : 19.70000000
2015-03-21 15:42:53,606 - Temperature_GF_Toilet    : 17.90000000
2015-03-21 15:42:53,610 - Temperature_GF_Living    : 22.00000000
2015-03-21 15:42:53,612 - Temperature_GF_Kitchen   : 18.10000000
2015-03-21 15:42:53,614 - Temperature_FF_Bath      : 19.90000000
2015-03-21 15:42:53,615 - Temperature_FF_Office    : 21.70000000
2015-03-21 15:42:53,616 - Temperature_FF_Child     : 19.00000000
2015-03-21 15:42:53,618 - Temperature_FF_Bed       : 19.80000000
2015-03-21 15:43:04,025 - Temperature_GF_Corridor  : 21.80000000
2015-03-21 15:43:04,031 - Temperature_GF_Toilet    : 20.70000000
2015-03-21 15:43:04,033 - Temperature_GF_Living    : 21.20000000
2015-03-21 15:43:04,034 - Temperature_GF_Kitchen   : 17.60000000
2015-03-21 15:43:04,035 - Temperature_FF_Bath      : 21.90000000
2015-03-21 15:43:04,037 - Temperature_FF_Office    : 20.90000000
2015-03-21 15:43:04,039 - Temperature_FF_Child     : 20.80000000
2015-03-21 15:43:04,042 - Temperature_FF_Bed       : 19.30000000
2015-03-21 15:45:00,116 - Temperature_GF_Corridor  : 21.00000000
2015-03-21 15:45:00,120 - Temperature_GF_Toilet    : 17.80000000
2015-03-21 15:45:00,124 - Temperature_GF_Living    : 18.00000000
2015-03-21 15:45:00,125 - Temperature_GF_Kitchen   : 20.50000000
2015-03-21 15:45:00,127 - Temperature_FF_Bath      : 17.80000000
2015-03-21 15:45:00,128 - Temperature_FF_Office    : 21.40000000
2015-03-21 15:45:00,130 - Temperature_FF_Child     : 22.30000000
2015-03-21 15:45:00,132 - Temperature_FF_Bed       : 17.90000000
